This file contains any messages produced by compilers while
running configure, to aid debugging if configure makes a mistake.

It was created by Good Looking Quake configure 1.0.9, which was
generated by GNU Autoconf 2.71.  Invocation command line was

  $ ./configure

## --------- ##
## Platform. ##
## --------- ##

hostname = steamdeck
uname -m = x86_64
uname -r = 5.13.0-valve36-1-neptune
uname -s = Linux
uname -v = #1 SMP PREEMPT Mon, 19 Dec 2022 23:39:41 +0000

/usr/bin/uname -p = unknown
/bin/uname -X     = unknown

/bin/arch              = unknown
/usr/bin/arch -k       = unknown
/usr/convex/getsysinfo = unknown
/usr/bin/hostinfo      = unknown
/bin/machine           = unknown
/usr/bin/oslevel       = unknown
/bin/universe          = unknown

PATH: /home/deck/.local/bin/
PATH: /home/linuxbrew/.linuxbrew/bin/
PATH: /home/linuxbrew/.linuxbrew/sbin/
PATH: /home/deck/.local/bin/
PATH: /usr/local/sbin/
PATH: /usr/local/bin/
PATH: /usr/bin/
PATH: /var/lib/flatpak/exports/bin/
PATH: /usr/lib/jvm/default/bin/
PATH: /usr/bin/site_perl/
PATH: /usr/bin/vendor_perl/
PATH: /usr/bin/core_perl/


## ----------- ##
## Core tests. ##
## ----------- ##

configure:2478: looking for aux files: compile missing install-sh config.guess config.sub
configure:2491:  trying ././
configure:2520:   ././compile found
configure:2520:   ././missing found
configure:2502:   ././install-sh found
configure:2520:   ././config.guess found
configure:2520:   ././config.sub found
configure:2644: checking build system type
configure:2659: result: x86_64-unknown-linux-gnu
configure:2679: checking host system type
configure:2693: result: x86_64-unknown-linux-gnu
configure:2731: checking for a BSD-compatible install
configure:2804: result: /usr/bin/install -c
configure:2815: checking whether build environment is sane
configure:2870: result: yes
configure:3029: checking for a race-free mkdir -p
configure:3073: result: /usr/bin/mkdir -p
configure:3080: checking for gawk
configure:3101: found /usr/bin/gawk
configure:3112: result: gawk
configure:3123: checking whether make sets $(MAKE)
configure:3146: result: yes
configure:3176: checking whether make supports nested variables
configure:3194: result: yes
configure:3269: checking how to create a pax tar archive
configure:3280: tar --version
tar (GNU tar) 1.34
Copyright (C) 2021 Free Software Foundation, Inc.
License GPLv3+: GNU GPL version 3 or later <https://gnu.org/licenses/gpl.html>.
This is free software: you are free to change and redistribute it.
There is NO WARRANTY, to the extent permitted by law.

Written by John Gilmore and Jay Fenlason.
configure:3283: $? = 0
configure:3323: tardir=conftest.dir && eval tar --format=posix -chf - "$tardir" >conftest.tar
configure:3326: $? = 0
configure:3330: tar -xf - <conftest.tar
configure:3333: $? = 0
configure:3335: cat conftest.dir/file
GrepMe
configure:3338: $? = 0
configure:3352: result: gnutar
configure:3479: checking for gcc
configure:3500: found /usr/bin/gcc
configure:3511: result: gcc
configure:3864: checking for C compiler version
configure:3873: gcc --version >&5
gcc (GCC) 12.2.0
Copyright (C) 2022 Free Software Foundation, Inc.
This is free software; see the source for copying conditions.  There is NO
warranty; not even for MERCHANTABILITY or FITNESS FOR A PARTICULAR PURPOSE.

configure:3884: $? = 0
configure:3873: gcc -v >&5
Using built-in specs.
COLLECT_GCC=gcc
COLLECT_LTO_WRAPPER=/usr/lib/gcc/x86_64-pc-linux-gnu/12.2.0/lto-wrapper
Target: x86_64-pc-linux-gnu
Configured with: /build/gcc/src/gcc/configure --enable-languages=c,c++,ada,fortran,go,lto,objc,obj-c++,d --enable-bootstrap --prefix=/usr --libdir=/usr/lib --libexecdir=/usr/lib --mandir=/usr/share/man --infodir=/usr/share/info --with-bugurl=https://bugs.archlinux.org/ --with-build-config=bootstrap-lto --with-linker-hash-style=gnu --with-system-zlib --enable-__cxa_atexit --enable-cet=auto --enable-checking=release --enable-clocale=gnu --enable-default-pie --enable-default-ssp --enable-gnu-indirect-function --enable-gnu-unique-object --enable-libstdcxx-backtrace --enable-link-serialization=1 --enable-linker-build-id --enable-lto --enable-multilib --enable-plugin --enable-shared --enable-threads=posix --disable-libssp --disable-libstdcxx-pch --disable-werror
Thread model: posix
Supported LTO compression algorithms: zlib zstd
gcc version 12.2.0 (GCC) 
configure:3884: $? = 0
configure:3873: gcc -V >&5
gcc: error: unrecognized command-line option '-V'
gcc: fatal error: no input files
compilation terminated.
configure:3884: $? = 1
configure:3873: gcc -qversion >&5
gcc: error: unrecognized command-line option '-qversion'; did you mean '--version'?
gcc: fatal error: no input files
compilation terminated.
configure:3884: $? = 1
configure:3873: gcc -version >&5
gcc: error: unrecognized command-line option '-version'
gcc: fatal error: no input files
compilation terminated.
configure:3884: $? = 1
configure:3904: checking whether the C compiler works
configure:3926: gcc    conftest.c  >&5
configure:3930: $? = 0
configure:3980: result: yes
configure:3983: checking for C compiler default output file name
configure:3985: result: a.out
configure:3991: checking for suffix of executables
configure:3998: gcc -o conftest    conftest.c  >&5
configure:4002: $? = 0
configure:4025: result: 
configure:4047: checking whether we are cross compiling
configure:4055: gcc -o conftest    conftest.c  >&5
configure:4059: $? = 0
configure:4066: ./conftest
configure:4070: $? = 0
configure:4085: result: no
configure:4090: checking for suffix of object files
configure:4113: gcc -c   conftest.c >&5
configure:4117: $? = 0
configure:4139: result: o
configure:4143: checking whether the compiler supports GNU C
configure:4163: gcc -c   conftest.c >&5
configure:4163: $? = 0
configure:4173: result: yes
configure:4184: checking whether gcc accepts -g
configure:4205: gcc -c -g  conftest.c >&5
configure:4205: $? = 0
configure:4249: result: yes
configure:4269: checking for gcc option to enable C11 features
configure:4284: gcc  -c -g -O2  conftest.c >&5
configure:4284: $? = 0
configure:4302: result: none needed
configure:4418: checking whether gcc understands -c and -o together
configure:4441: gcc -c conftest.c -o conftest2.o
configure:4444: $? = 0
configure:4441: gcc -c conftest.c -o conftest2.o
configure:4444: $? = 0
configure:4456: result: yes
configure:4476: checking whether make supports the include directive
configure:4491: make -f confmf.GNU && cat confinc.out
this is the am__doit target
configure:4494: $? = 0
configure:4513: result: yes (GNU style)
configure:4539: checking dependency style of gcc
configure:4651: result: gcc3
configure:4667: checking whether make sets $(MAKE)
configure:4690: result: yes
configure:4708: checking dependency style of gcc
configure:4818: result: gcc3
configure:4892: checking for pkg-config
configure:4915: found /usr/bin/pkg-config
configure:4927: result: /usr/bin/pkg-config
configure:4952: checking pkg-config is at least version 0.9.0
configure:4955: result: yes
configure:4973: checking how to run the C preprocessor
configure:4999: gcc -E  conftest.c
configure:4999: $? = 0
configure:5014: gcc -E  conftest.c
conftest.c:11:10: fatal error: ac_nonexistent.h: No such file or directory
   11 | #include <ac_nonexistent.h>
      |          ^~~~~~~~~~~~~~~~~~
compilation terminated.
configure:5014: $? = 1
configure: failed program was:
| /* confdefs.h */
| #define PACKAGE_NAME "Good Looking Quake"
| #define PACKAGE_TARNAME "good-looking-quake"
| #define PACKAGE_VERSION "1.0.9"
| #define PACKAGE_STRING "Good Looking Quake 1.0.9"
| #define PACKAGE_BUGREPORT ""
| #define PACKAGE_URL ""
| #define PACKAGE "good-looking-quake"
| #define VERSION "1.0.9"
| /* end confdefs.h.  */
| #include <ac_nonexistent.h>
configure:5041: result: gcc -E
configure:5055: gcc -E  conftest.c
configure:5055: $? = 0
configure:5070: gcc -E  conftest.c
conftest.c:11:10: fatal error: ac_nonexistent.h: No such file or directory
   11 | #include <ac_nonexistent.h>
      |          ^~~~~~~~~~~~~~~~~~
compilation terminated.
configure:5070: $? = 1
configure: failed program was:
| /* confdefs.h */
| #define PACKAGE_NAME "Good Looking Quake"
| #define PACKAGE_TARNAME "good-looking-quake"
| #define PACKAGE_VERSION "1.0.9"
| #define PACKAGE_STRING "Good Looking Quake 1.0.9"
| #define PACKAGE_BUGREPORT ""
| #define PACKAGE_URL ""
| #define PACKAGE "good-looking-quake"
| #define VERSION "1.0.9"
| /* end confdefs.h.  */
| #include <ac_nonexistent.h>
configure:5101: checking for X
configure:5139: gcc -o conftest -g -O2   conftest.c -lX11  >&5
configure:5139: $? = 0
configure:5326: result: libraries , headers 
configure:5334: checking for stdio.h
configure:5334: gcc -c -g -O2  conftest.c >&5
configure:5334: $? = 0
configure:5334: result: yes
configure:5334: checking for stdlib.h
configure:5334: gcc -c -g -O2  conftest.c >&5
configure:5334: $? = 0
configure:5334: result: yes
configure:5334: checking for string.h
configure:5334: gcc -c -g -O2  conftest.c >&5
configure:5334: $? = 0
configure:5334: result: yes
configure:5334: checking for inttypes.h
configure:5334: gcc -c -g -O2  conftest.c >&5
configure:5334: $? = 0
configure:5334: result: yes
configure:5334: checking for stdint.h
configure:5334: gcc -c -g -O2  conftest.c >&5
configure:5334: $? = 0
configure:5334: result: yes
configure:5334: checking for strings.h
configure:5334: gcc -c -g -O2  conftest.c >&5
configure:5334: $? = 0
configure:5334: result: yes
configure:5334: checking for sys/stat.h
configure:5334: gcc -c -g -O2  conftest.c >&5
configure:5334: $? = 0
configure:5334: result: yes
configure:5334: checking for sys/types.h
configure:5334: gcc -c -g -O2  conftest.c >&5
configure:5334: $? = 0
configure:5334: result: yes
configure:5334: checking for unistd.h
configure:5334: gcc -c -g -O2  conftest.c >&5
configure:5334: $? = 0
configure:5334: result: yes
configure:5334: checking for sys/param.h
configure:5334: gcc -c -g -O2  conftest.c >&5
configure:5334: $? = 0
configure:5334: result: yes
configure:5359: checking for arpa/inet.h
configure:5359: gcc -c -g -O2  conftest.c >&5
configure:5359: $? = 0
configure:5359: result: yes
configure:5365: checking for fcntl.h
configure:5365: gcc -c -g -O2  conftest.c >&5
configure:5365: $? = 0
configure:5365: result: yes
configure:5371: checking for limits.h
configure:5371: gcc -c -g -O2  conftest.c >&5
configure:5371: $? = 0
configure:5371: result: yes
configure:5377: checking for netdb.h
configure:5377: gcc -c -g -O2  conftest.c >&5
configure:5377: $? = 0
configure:5377: result: yes
configure:5383: checking for netinet/in.h
configure:5383: gcc -c -g -O2  conftest.c >&5
configure:5383: $? = 0
configure:5383: result: yes
configure:5389: checking for stddef.h
configure:5389: gcc -c -g -O2  conftest.c >&5
configure:5389: $? = 0
configure:5389: result: yes
configure:5395: checking for stdlib.h
configure:5395: result: yes
configure:5401: checking for string.h
configure:5401: result: yes
configure:5407: checking for sys/file.h
configure:5407: gcc -c -g -O2  conftest.c >&5
configure:5407: $? = 0
configure:5407: result: yes
configure:5413: checking for sys/ioctl.h
configure:5413: gcc -c -g -O2  conftest.c >&5
configure:5413: $? = 0
configure:5413: result: yes
configure:5419: checking for sys/param.h
configure:5419: result: yes
configure:5425: checking for sys/socket.h
configure:5425: gcc -c -g -O2  conftest.c >&5
configure:5425: $? = 0
configure:5425: result: yes
configure:5431: checking for sys/time.h
configure:5431: gcc -c -g -O2  conftest.c >&5
configure:5431: $? = 0
configure:5431: result: yes
configure:5437: checking for termios.h
configure:5437: gcc -c -g -O2  conftest.c >&5
configure:5437: $? = 0
configure:5437: result: yes
configure:5443: checking for unistd.h
configure:5443: result: yes
configure:5452: checking for _Bool
configure:5452: gcc -c -g -O2  conftest.c >&5
configure:5452: $? = 0
configure:5452: gcc -c -g -O2  conftest.c >&5
conftest.c: In function 'main':
conftest.c:68:20: error: expected expression before ')' token
   68 | if (sizeof ((_Bool)))
      |                    ^
configure:5452: $? = 1
configure: failed program was:
| /* confdefs.h */
| #define PACKAGE_NAME "Good Looking Quake"
| #define PACKAGE_TARNAME "good-looking-quake"
| #define PACKAGE_VERSION "1.0.9"
| #define PACKAGE_STRING "Good Looking Quake 1.0.9"
| #define PACKAGE_BUGREPORT ""
| #define PACKAGE_URL ""
| #define PACKAGE "good-looking-quake"
| #define VERSION "1.0.9"
| #define HAVE_STDIO_H 1
| #define HAVE_STDLIB_H 1
| #define HAVE_STRING_H 1
| #define HAVE_INTTYPES_H 1
| #define HAVE_STDINT_H 1
| #define HAVE_STRINGS_H 1
| #define HAVE_SYS_STAT_H 1
| #define HAVE_SYS_TYPES_H 1
| #define HAVE_UNISTD_H 1
| #define HAVE_SYS_PARAM_H 1
| #define STDC_HEADERS 1
| #define HAVE_ARPA_INET_H 1
| #define HAVE_FCNTL_H 1
| #define HAVE_LIMITS_H 1
| #define HAVE_NETDB_H 1
| #define HAVE_NETINET_IN_H 1
| #define HAVE_STDDEF_H 1
| #define HAVE_STDLIB_H 1
| #define HAVE_STRING_H 1
| #define HAVE_SYS_FILE_H 1
| #define HAVE_SYS_IOCTL_H 1
| #define HAVE_SYS_PARAM_H 1
| #define HAVE_SYS_SOCKET_H 1
| #define HAVE_SYS_TIME_H 1
| #define HAVE_TERMIOS_H 1
| #define HAVE_UNISTD_H 1
| /* end confdefs.h.  */
| #include <stddef.h>
| #ifdef HAVE_STDIO_H
| # include <stdio.h>
| #endif
| #ifdef HAVE_STDLIB_H
| # include <stdlib.h>
| #endif
| #ifdef HAVE_STRING_H
| # include <string.h>
| #endif
| #ifdef HAVE_INTTYPES_H
| # include <inttypes.h>
| #endif
| #ifdef HAVE_STDINT_H
| # include <stdint.h>
| #endif
| #ifdef HAVE_STRINGS_H
| # include <strings.h>
| #endif
| #ifdef HAVE_SYS_TYPES_H
| # include <sys/types.h>
| #endif
| #ifdef HAVE_SYS_STAT_H
| # include <sys/stat.h>
| #endif
| #ifdef HAVE_UNISTD_H
| # include <unistd.h>
| #endif
| int
| main (void)
| {
| if (sizeof ((_Bool)))
| 	    return 0;
|   ;
|   return 0;
| }
configure:5452: result: yes
configure:5461: checking for stdbool.h that conforms to C99
configure:5577: gcc -c -g -O2  conftest.c >&5
configure:5577: $? = 0
configure:5585: result: yes
configure:5588: checking for inline
configure:5605: gcc -c -g -O2  conftest.c >&5
configure:5605: $? = 0
configure:5614: result: inline
configure:5632: checking for size_t
configure:5632: gcc -c -g -O2  conftest.c >&5
configure:5632: $? = 0
configure:5632: gcc -c -g -O2  conftest.c >&5
conftest.c: In function 'main':
conftest.c:69:21: error: expected expression before ')' token
   69 | if (sizeof ((size_t)))
      |                     ^
configure:5632: $? = 1
configure: failed program was:
| /* confdefs.h */
| #define PACKAGE_NAME "Good Looking Quake"
| #define PACKAGE_TARNAME "good-looking-quake"
| #define PACKAGE_VERSION "1.0.9"
| #define PACKAGE_STRING "Good Looking Quake 1.0.9"
| #define PACKAGE_BUGREPORT ""
| #define PACKAGE_URL ""
| #define PACKAGE "good-looking-quake"
| #define VERSION "1.0.9"
| #define HAVE_STDIO_H 1
| #define HAVE_STDLIB_H 1
| #define HAVE_STRING_H 1
| #define HAVE_INTTYPES_H 1
| #define HAVE_STDINT_H 1
| #define HAVE_STRINGS_H 1
| #define HAVE_SYS_STAT_H 1
| #define HAVE_SYS_TYPES_H 1
| #define HAVE_UNISTD_H 1
| #define HAVE_SYS_PARAM_H 1
| #define STDC_HEADERS 1
| #define HAVE_ARPA_INET_H 1
| #define HAVE_FCNTL_H 1
| #define HAVE_LIMITS_H 1
| #define HAVE_NETDB_H 1
| #define HAVE_NETINET_IN_H 1
| #define HAVE_STDDEF_H 1
| #define HAVE_STDLIB_H 1
| #define HAVE_STRING_H 1
| #define HAVE_SYS_FILE_H 1
| #define HAVE_SYS_IOCTL_H 1
| #define HAVE_SYS_PARAM_H 1
| #define HAVE_SYS_SOCKET_H 1
| #define HAVE_SYS_TIME_H 1
| #define HAVE_TERMIOS_H 1
| #define HAVE_UNISTD_H 1
| #define HAVE__BOOL 1
| /* end confdefs.h.  */
| #include <stddef.h>
| #ifdef HAVE_STDIO_H
| # include <stdio.h>
| #endif
| #ifdef HAVE_STDLIB_H
| # include <stdlib.h>
| #endif
| #ifdef HAVE_STRING_H
| # include <string.h>
| #endif
| #ifdef HAVE_INTTYPES_H
| # include <inttypes.h>
| #endif
| #ifdef HAVE_STDINT_H
| # include <stdint.h>
| #endif
| #ifdef HAVE_STRINGS_H
| # include <strings.h>
| #endif
| #ifdef HAVE_SYS_TYPES_H
| # include <sys/types.h>
| #endif
| #ifdef HAVE_SYS_STAT_H
| # include <sys/stat.h>
| #endif
| #ifdef HAVE_UNISTD_H
| # include <unistd.h>
| #endif
| int
| main (void)
| {
| if (sizeof ((size_t)))
| 	    return 0;
|   ;
|   return 0;
| }
configure:5632: result: yes
configure:5646: checking for working alloca.h
configure:5664: gcc -o conftest -g -O2   conftest.c  >&5
configure:5664: $? = 0
configure:5673: result: yes
configure:5681: checking for alloca
configure:5726: result: yes
configure:5793: checking for GNU libc compatible malloc
configure:5825: gcc -o conftest -g -O2   conftest.c  >&5
configure:5825: $? = 0
configure:5825: ./conftest
configure:5825: $? = 0
configure:5836: result: yes
configure:5863: checking for getpagesize
configure:5863: gcc -o conftest -g -O2   conftest.c  >&5
configure:5863: $? = 0
configure:5863: result: yes
configure:5874: checking for working mmap
configure:6026: gcc -o conftest -g -O2   conftest.c  >&5
configure:6026: $? = 0
configure:6026: ./conftest
configure:6026: $? = 0
configure:6037: result: yes
configure:6046: checking for atexit
configure:6046: gcc -o conftest -g -O2   conftest.c  >&5
configure:6046: $? = 0
configure:6046: result: yes
configure:6052: checking for floor
configure:6052: gcc -o conftest -g -O2   conftest.c  >&5
conftest.c:60:6: warning: conflicting types for built-in function 'floor'; expected 'double(double)' [-Wbuiltin-declaration-mismatch]
   60 | char floor ();
      |      ^~~~~
conftest.c:52:1: note: 'floor' is declared in header '<math.h>'
   51 | #include <limits.h>
   52 | #undef floor
/usr/bin/ld: /tmp/ccSjbYI5.o: in function `main':
/home/deck/git/glq/conftest.c:71: undefined reference to `floor'
collect2: error: ld returned 1 exit status
configure:6052: $? = 1
configure: failed program was:
| /* confdefs.h */
| #define PACKAGE_NAME "Good Looking Quake"
| #define PACKAGE_TARNAME "good-looking-quake"
| #define PACKAGE_VERSION "1.0.9"
| #define PACKAGE_STRING "Good Looking Quake 1.0.9"
| #define PACKAGE_BUGREPORT ""
| #define PACKAGE_URL ""
| #define PACKAGE "good-looking-quake"
| #define VERSION "1.0.9"
| #define HAVE_STDIO_H 1
| #define HAVE_STDLIB_H 1
| #define HAVE_STRING_H 1
| #define HAVE_INTTYPES_H 1
| #define HAVE_STDINT_H 1
| #define HAVE_STRINGS_H 1
| #define HAVE_SYS_STAT_H 1
| #define HAVE_SYS_TYPES_H 1
| #define HAVE_UNISTD_H 1
| #define HAVE_SYS_PARAM_H 1
| #define STDC_HEADERS 1
| #define HAVE_ARPA_INET_H 1
| #define HAVE_FCNTL_H 1
| #define HAVE_LIMITS_H 1
| #define HAVE_NETDB_H 1
| #define HAVE_NETINET_IN_H 1
| #define HAVE_STDDEF_H 1
| #define HAVE_STDLIB_H 1
| #define HAVE_STRING_H 1
| #define HAVE_SYS_FILE_H 1
| #define HAVE_SYS_IOCTL_H 1
| #define HAVE_SYS_PARAM_H 1
| #define HAVE_SYS_SOCKET_H 1
| #define HAVE_SYS_TIME_H 1
| #define HAVE_TERMIOS_H 1
| #define HAVE_UNISTD_H 1
| #define HAVE__BOOL 1
| #define HAVE_ALLOCA_H 1
| #define HAVE_ALLOCA 1
| #define HAVE_MALLOC 1
| #define HAVE_GETPAGESIZE 1
| #define HAVE_MMAP 1
| #define HAVE_ATEXIT 1
| /* end confdefs.h.  */
| /* Define floor to an innocuous variant, in case <limits.h> declares floor.
|    For example, HP-UX 11i <limits.h> declares gettimeofday.  */
| #define floor innocuous_floor
| 
| /* System header to define __stub macros and hopefully few prototypes,
|    which can conflict with char floor (); below.  */
| 
| #include <limits.h>
| #undef floor
| 
| /* Override any GCC internal prototype to avoid an error.
|    Use char because int might match the return type of a GCC
|    builtin and then its argument prototype would still apply.  */
| #ifdef __cplusplus
| extern "C"
| #endif
| char floor ();
| /* The GNU C library defines this for functions which it implements
|     to always fail with ENOSYS.  Some functions are actually named
|     something starting with __ and the normal name is an alias.  */
| #if defined __stub_floor || defined __stub___floor
| choke me
| #endif
| 
| int
| main (void)
| {
| return floor ();
|   ;
|   return 0;
| }
configure:6052: result: no
configure:6058: checking for gethostbyaddr
configure:6058: gcc -o conftest -g -O2   conftest.c  >&5
configure:6058: $? = 0
configure:6058: result: yes
configure:6064: checking for gethostbyname
configure:6064: gcc -o conftest -g -O2   conftest.c  >&5
configure:6064: $? = 0
configure:6064: result: yes
configure:6070: checking for gethostname
configure:6070: gcc -o conftest -g -O2   conftest.c  >&5
configure:6070: $? = 0
configure:6070: result: yes
configure:6076: checking for gethrtime
configure:6076: gcc -o conftest -g -O2   conftest.c  >&5
/usr/bin/ld: /tmp/ccpKpHGw.o: in function `main':
/home/deck/git/glq/conftest.c:74: undefined reference to `gethrtime'
collect2: error: ld returned 1 exit status
configure:6076: $? = 1
configure: failed program was:
| /* confdefs.h */
| #define PACKAGE_NAME "Good Looking Quake"
| #define PACKAGE_TARNAME "good-looking-quake"
| #define PACKAGE_VERSION "1.0.9"
| #define PACKAGE_STRING "Good Looking Quake 1.0.9"
| #define PACKAGE_BUGREPORT ""
| #define PACKAGE_URL ""
| #define PACKAGE "good-looking-quake"
| #define VERSION "1.0.9"
| #define HAVE_STDIO_H 1
| #define HAVE_STDLIB_H 1
| #define HAVE_STRING_H 1
| #define HAVE_INTTYPES_H 1
| #define HAVE_STDINT_H 1
| #define HAVE_STRINGS_H 1
| #define HAVE_SYS_STAT_H 1
| #define HAVE_SYS_TYPES_H 1
| #define HAVE_UNISTD_H 1
| #define HAVE_SYS_PARAM_H 1
| #define STDC_HEADERS 1
| #define HAVE_ARPA_INET_H 1
| #define HAVE_FCNTL_H 1
| #define HAVE_LIMITS_H 1
| #define HAVE_NETDB_H 1
| #define HAVE_NETINET_IN_H 1
| #define HAVE_STDDEF_H 1
| #define HAVE_STDLIB_H 1
| #define HAVE_STRING_H 1
| #define HAVE_SYS_FILE_H 1
| #define HAVE_SYS_IOCTL_H 1
| #define HAVE_SYS_PARAM_H 1
| #define HAVE_SYS_SOCKET_H 1
| #define HAVE_SYS_TIME_H 1
| #define HAVE_TERMIOS_H 1
| #define HAVE_UNISTD_H 1
| #define HAVE__BOOL 1
| #define HAVE_ALLOCA_H 1
| #define HAVE_ALLOCA 1
| #define HAVE_MALLOC 1
| #define HAVE_GETPAGESIZE 1
| #define HAVE_MMAP 1
| #define HAVE_ATEXIT 1
| #define HAVE_GETHOSTBYADDR 1
| #define HAVE_GETHOSTBYNAME 1
| #define HAVE_GETHOSTNAME 1
| /* end confdefs.h.  */
| /* Define gethrtime to an innocuous variant, in case <limits.h> declares gethrtime.
|    For example, HP-UX 11i <limits.h> declares gettimeofday.  */
| #define gethrtime innocuous_gethrtime
| 
| /* System header to define __stub macros and hopefully few prototypes,
|    which can conflict with char gethrtime (); below.  */
| 
| #include <limits.h>
| #undef gethrtime
| 
| /* Override any GCC internal prototype to avoid an error.
|    Use char because int might match the return type of a GCC
|    builtin and then its argument prototype would still apply.  */
| #ifdef __cplusplus
| extern "C"
| #endif
| char gethrtime ();
| /* The GNU C library defines this for functions which it implements
|     to always fail with ENOSYS.  Some functions are actually named
|     something starting with __ and the normal name is an alias.  */
| #if defined __stub_gethrtime || defined __stub___gethrtime
| choke me
| #endif
| 
| int
| main (void)
| {
| return gethrtime ();
|   ;
|   return 0;
| }
configure:6076: result: no
configure:6082: checking for getpagesize
configure:6082: result: yes
configure:6088: checking for gettimeofday
configure:6088: gcc -o conftest -g -O2   conftest.c  >&5
configure:6088: $? = 0
configure:6088: result: yes
configure:6094: checking for inet_ntoa
configure:6094: gcc -o conftest -g -O2   conftest.c  >&5
configure:6094: $? = 0
configure:6094: result: yes
configure:6100: checking for memset
configure:6100: gcc -o conftest -g -O2   conftest.c  >&5
conftest.c:66:6: warning: conflicting types for built-in function 'memset'; expected 'void *(void *, int,  long unsigned int)' [-Wbuiltin-declaration-mismatch]
   66 | char memset ();
      |      ^~~~~~
conftest.c:58:1: note: 'memset' is declared in header '<string.h>'
   57 | #include <limits.h>
   58 | #undef memset
configure:6100: $? = 0
configure:6100: result: yes
configure:6106: checking for mkdir
configure:6106: gcc -o conftest -g -O2   conftest.c  >&5
configure:6106: $? = 0
configure:6106: result: yes
configure:6112: checking for munmap
configure:6112: gcc -o conftest -g -O2   conftest.c  >&5
configure:6112: $? = 0
configure:6112: result: yes
configure:6118: checking for pow
configure:6118: gcc -o conftest -g -O2   conftest.c  >&5
conftest.c:69:6: warning: conflicting types for built-in function 'pow'; expected 'double(double,  double)' [-Wbuiltin-declaration-mismatch]
   69 | char pow ();
      |      ^~~
conftest.c:61:1: note: 'pow' is declared in header '<math.h>'
   60 | #include <limits.h>
   61 | #undef pow
/usr/bin/ld: /tmp/ccoldklX.o: in function `main':
/home/deck/git/glq/conftest.c:80: undefined reference to `pow'
collect2: error: ld returned 1 exit status
configure:6118: $? = 1
configure: failed program was:
| /* confdefs.h */
| #define PACKAGE_NAME "Good Looking Quake"
| #define PACKAGE_TARNAME "good-looking-quake"
| #define PACKAGE_VERSION "1.0.9"
| #define PACKAGE_STRING "Good Looking Quake 1.0.9"
| #define PACKAGE_BUGREPORT ""
| #define PACKAGE_URL ""
| #define PACKAGE "good-looking-quake"
| #define VERSION "1.0.9"
| #define HAVE_STDIO_H 1
| #define HAVE_STDLIB_H 1
| #define HAVE_STRING_H 1
| #define HAVE_INTTYPES_H 1
| #define HAVE_STDINT_H 1
| #define HAVE_STRINGS_H 1
| #define HAVE_SYS_STAT_H 1
| #define HAVE_SYS_TYPES_H 1
| #define HAVE_UNISTD_H 1
| #define HAVE_SYS_PARAM_H 1
| #define STDC_HEADERS 1
| #define HAVE_ARPA_INET_H 1
| #define HAVE_FCNTL_H 1
| #define HAVE_LIMITS_H 1
| #define HAVE_NETDB_H 1
| #define HAVE_NETINET_IN_H 1
| #define HAVE_STDDEF_H 1
| #define HAVE_STDLIB_H 1
| #define HAVE_STRING_H 1
| #define HAVE_SYS_FILE_H 1
| #define HAVE_SYS_IOCTL_H 1
| #define HAVE_SYS_PARAM_H 1
| #define HAVE_SYS_SOCKET_H 1
| #define HAVE_SYS_TIME_H 1
| #define HAVE_TERMIOS_H 1
| #define HAVE_UNISTD_H 1
| #define HAVE__BOOL 1
| #define HAVE_ALLOCA_H 1
| #define HAVE_ALLOCA 1
| #define HAVE_MALLOC 1
| #define HAVE_GETPAGESIZE 1
| #define HAVE_MMAP 1
| #define HAVE_ATEXIT 1
| #define HAVE_GETHOSTBYADDR 1
| #define HAVE_GETHOSTBYNAME 1
| #define HAVE_GETHOSTNAME 1
| #define HAVE_GETPAGESIZE 1
| #define HAVE_GETTIMEOFDAY 1
| #define HAVE_INET_NTOA 1
| #define HAVE_MEMSET 1
| #define HAVE_MKDIR 1
| #define HAVE_MUNMAP 1
| /* end confdefs.h.  */
| /* Define pow to an innocuous variant, in case <limits.h> declares pow.
|    For example, HP-UX 11i <limits.h> declares gettimeofday.  */
| #define pow innocuous_pow
| 
| /* System header to define __stub macros and hopefully few prototypes,
|    which can conflict with char pow (); below.  */
| 
| #include <limits.h>
| #undef pow
| 
| /* Override any GCC internal prototype to avoid an error.
|    Use char because int might match the return type of a GCC
|    builtin and then its argument prototype would still apply.  */
| #ifdef __cplusplus
| extern "C"
| #endif
| char pow ();
| /* The GNU C library defines this for functions which it implements
|     to always fail with ENOSYS.  Some functions are actually named
|     something starting with __ and the normal name is an alias.  */
| #if defined __stub_pow || defined __stub___pow
| choke me
| #endif
| 
| int
| main (void)
| {
| return pow ();
|   ;
|   return 0;
| }
configure:6118: result: no
configure:6124: checking for select
configure:6124: gcc -o conftest -g -O2   conftest.c  >&5
configure:6124: $? = 0
configure:6124: result: yes
configure:6130: checking for socket
configure:6130: gcc -o conftest -g -O2   conftest.c  >&5
configure:6130: $? = 0
configure:6130: result: yes
configure:6136: checking for sqrt
configure:6136: gcc -o conftest -g -O2   conftest.c  >&5
conftest.c:71:6: warning: conflicting types for built-in function 'sqrt'; expected 'double(double)' [-Wbuiltin-declaration-mismatch]
   71 | char sqrt ();
      |      ^~~~
conftest.c:63:1: note: 'sqrt' is declared in header '<math.h>'
   62 | #include <limits.h>
   63 | #undef sqrt
/usr/bin/ld: /tmp/ccXn8QDg.o: in function `main':
/home/deck/git/glq/conftest.c:82: undefined reference to `sqrt'
collect2: error: ld returned 1 exit status
configure:6136: $? = 1
configure: failed program was:
| /* confdefs.h */
| #define PACKAGE_NAME "Good Looking Quake"
| #define PACKAGE_TARNAME "good-looking-quake"
| #define PACKAGE_VERSION "1.0.9"
| #define PACKAGE_STRING "Good Looking Quake 1.0.9"
| #define PACKAGE_BUGREPORT ""
| #define PACKAGE_URL ""
| #define PACKAGE "good-looking-quake"
| #define VERSION "1.0.9"
| #define HAVE_STDIO_H 1
| #define HAVE_STDLIB_H 1
| #define HAVE_STRING_H 1
| #define HAVE_INTTYPES_H 1
| #define HAVE_STDINT_H 1
| #define HAVE_STRINGS_H 1
| #define HAVE_SYS_STAT_H 1
| #define HAVE_SYS_TYPES_H 1
| #define HAVE_UNISTD_H 1
| #define HAVE_SYS_PARAM_H 1
| #define STDC_HEADERS 1
| #define HAVE_ARPA_INET_H 1
| #define HAVE_FCNTL_H 1
| #define HAVE_LIMITS_H 1
| #define HAVE_NETDB_H 1
| #define HAVE_NETINET_IN_H 1
| #define HAVE_STDDEF_H 1
| #define HAVE_STDLIB_H 1
| #define HAVE_STRING_H 1
| #define HAVE_SYS_FILE_H 1
| #define HAVE_SYS_IOCTL_H 1
| #define HAVE_SYS_PARAM_H 1
| #define HAVE_SYS_SOCKET_H 1
| #define HAVE_SYS_TIME_H 1
| #define HAVE_TERMIOS_H 1
| #define HAVE_UNISTD_H 1
| #define HAVE__BOOL 1
| #define HAVE_ALLOCA_H 1
| #define HAVE_ALLOCA 1
| #define HAVE_MALLOC 1
| #define HAVE_GETPAGESIZE 1
| #define HAVE_MMAP 1
| #define HAVE_ATEXIT 1
| #define HAVE_GETHOSTBYADDR 1
| #define HAVE_GETHOSTBYNAME 1
| #define HAVE_GETHOSTNAME 1
| #define HAVE_GETPAGESIZE 1
| #define HAVE_GETTIMEOFDAY 1
| #define HAVE_INET_NTOA 1
| #define HAVE_MEMSET 1
| #define HAVE_MKDIR 1
| #define HAVE_MUNMAP 1
| #define HAVE_SELECT 1
| #define HAVE_SOCKET 1
| /* end confdefs.h.  */
| /* Define sqrt to an innocuous variant, in case <limits.h> declares sqrt.
|    For example, HP-UX 11i <limits.h> declares gettimeofday.  */
| #define sqrt innocuous_sqrt
| 
| /* System header to define __stub macros and hopefully few prototypes,
|    which can conflict with char sqrt (); below.  */
| 
| #include <limits.h>
| #undef sqrt
| 
| /* Override any GCC internal prototype to avoid an error.
|    Use char because int might match the return type of a GCC
|    builtin and then its argument prototype would still apply.  */
| #ifdef __cplusplus
| extern "C"
| #endif
| char sqrt ();
| /* The GNU C library defines this for functions which it implements
|     to always fail with ENOSYS.  Some functions are actually named
|     something starting with __ and the normal name is an alias.  */
| #if defined __stub_sqrt || defined __stub___sqrt
| choke me
| #endif
| 
| int
| main (void)
| {
| return sqrt ();
|   ;
|   return 0;
| }
configure:6136: result: no
configure:6142: checking for strcasecmp
configure:6142: gcc -o conftest -g -O2   conftest.c  >&5
conftest.c:71:6: warning: conflicting types for built-in function 'strcasecmp'; expected 'int(const char *, const char *)' [-Wbuiltin-declaration-mismatch]
   71 | char strcasecmp ();
      |      ^~~~~~~~~~
configure:6142: $? = 0
configure:6142: result: yes
configure:6148: checking for strchr
configure:6148: gcc -o conftest -g -O2   conftest.c  >&5
conftest.c:72:6: warning: conflicting types for built-in function 'strchr'; expected 'char *(const char *, int)' [-Wbuiltin-declaration-mismatch]
   72 | char strchr ();
      |      ^~~~~~
conftest.c:64:1: note: 'strchr' is declared in header '<string.h>'
   63 | #include <limits.h>
   64 | #undef strchr
configure:6148: $? = 0
configure:6148: result: yes
configure:6154: checking for strerror
configure:6154: gcc -o conftest -g -O2   conftest.c  >&5
configure:6154: $? = 0
configure:6154: result: yes
configure:6160: checking for strstr
configure:6160: gcc -o conftest -g -O2   conftest.c  >&5
conftest.c:74:6: warning: conflicting types for built-in function 'strstr'; expected 'char *(const char *, const char *)' [-Wbuiltin-declaration-mismatch]
   74 | char strstr ();
      |      ^~~~~~
conftest.c:66:1: note: 'strstr' is declared in header '<string.h>'
   65 | #include <limits.h>
   66 | #undef strstr
configure:6160: $? = 0
configure:6160: result: yes
configure:6198: checking for SDL
configure:6205: $PKG_CONFIG --exists --print-errors "sdl >= 1.2.0"
configure:6208: $? = 0
configure:6222: $PKG_CONFIG --exists --print-errors "sdl >= 1.2.0"
configure:6225: $? = 0
configure:6263: result: yes
configure:6382: checking that generated files are newer than configure
configure:6388: result: done
configure:6415: creating ./config.status

## ---------------------- ##
## Running config.status. ##
## ---------------------- ##

This file was extended by Good Looking Quake config.status 1.0.9, which was
generated by GNU Autoconf 2.71.  Invocation command line was

  CONFIG_FILES    = 
  CONFIG_HEADERS  = 
  CONFIG_LINKS    = 
  CONFIG_COMMANDS = 
  $ ./config.status 

on steamdeck

config.status:908: creating Makefile
config.status:908: creating config.h
config.status:1137: executing depfiles commands
config.status:1214: cd .       && sed -e '/# am--include-marker/d' Makefile         | make -f - am--depfiles
config.status:1219: $? = 0

## ---------------- ##
## Cache variables. ##
## ---------------- ##

ac_cv_build=x86_64-unknown-linux-gnu
ac_cv_c_compiler_gnu=yes
ac_cv_c_inline=inline
ac_cv_env_CCASFLAGS_set=
ac_cv_env_CCASFLAGS_value=
ac_cv_env_CCAS_set=
ac_cv_env_CCAS_value=
ac_cv_env_CC_set=
ac_cv_env_CC_value=
ac_cv_env_CFLAGS_set=
ac_cv_env_CFLAGS_value=
ac_cv_env_CPPFLAGS_set=
ac_cv_env_CPPFLAGS_value=
ac_cv_env_CPP_set=
ac_cv_env_CPP_value=
ac_cv_env_LDFLAGS_set=
ac_cv_env_LDFLAGS_value=
ac_cv_env_LIBS_set=
ac_cv_env_LIBS_value=
ac_cv_env_PKG_CONFIG_LIBDIR_set=
ac_cv_env_PKG_CONFIG_LIBDIR_value=
ac_cv_env_PKG_CONFIG_PATH_set=
ac_cv_env_PKG_CONFIG_PATH_value=
ac_cv_env_PKG_CONFIG_set=
ac_cv_env_PKG_CONFIG_value=
ac_cv_env_SDL_CFLAGS_set=
ac_cv_env_SDL_CFLAGS_value=
ac_cv_env_SDL_LIBS_set=
ac_cv_env_SDL_LIBS_value=
ac_cv_env_XMKMF_set=
ac_cv_env_XMKMF_value=
ac_cv_env_build_alias_set=
ac_cv_env_build_alias_value=
ac_cv_env_host_alias_set=
ac_cv_env_host_alias_value=
ac_cv_env_target_alias_set=
ac_cv_env_target_alias_value=
ac_cv_func_alloca_works=yes
ac_cv_func_atexit=yes
ac_cv_func_floor=no
ac_cv_func_gethostbyaddr=yes
ac_cv_func_gethostbyname=yes
ac_cv_func_gethostname=yes
ac_cv_func_gethrtime=no
ac_cv_func_getpagesize=yes
ac_cv_func_gettimeofday=yes
ac_cv_func_inet_ntoa=yes
ac_cv_func_malloc_0_nonnull=yes
ac_cv_func_memset=yes
ac_cv_func_mkdir=yes
ac_cv_func_mmap_fixed_mapped=yes
ac_cv_func_munmap=yes
ac_cv_func_pow=no
ac_cv_func_select=yes
ac_cv_func_socket=yes
ac_cv_func_sqrt=no
ac_cv_func_strcasecmp=yes
ac_cv_func_strchr=yes
ac_cv_func_strerror=yes
ac_cv_func_strstr=yes
ac_cv_have_x='have_x=yes	ac_x_includes='\'''\''	ac_x_libraries='\'''\'''
ac_cv_header_arpa_inet_h=yes
ac_cv_header_fcntl_h=yes
ac_cv_header_inttypes_h=yes
ac_cv_header_limits_h=yes
ac_cv_header_netdb_h=yes
ac_cv_header_netinet_in_h=yes
ac_cv_header_stdbool_h=yes
ac_cv_header_stddef_h=yes
ac_cv_header_stdint_h=yes
ac_cv_header_stdio_h=yes
ac_cv_header_stdlib_h=yes
ac_cv_header_string_h=yes
ac_cv_header_strings_h=yes
ac_cv_header_sys_file_h=yes
ac_cv_header_sys_ioctl_h=yes
ac_cv_header_sys_param_h=yes
ac_cv_header_sys_socket_h=yes
ac_cv_header_sys_stat_h=yes
ac_cv_header_sys_time_h=yes
ac_cv_header_sys_types_h=yes
ac_cv_header_termios_h=yes
ac_cv_header_unistd_h=yes
ac_cv_host=x86_64-unknown-linux-gnu
ac_cv_objext=o
ac_cv_path_ac_pt_PKG_CONFIG=/usr/bin/pkg-config
ac_cv_path_install='/usr/bin/install -c'
ac_cv_path_mkdir=/usr/bin/mkdir
ac_cv_prog_AWK=gawk
ac_cv_prog_CPP='gcc -E'
ac_cv_prog_ac_ct_CC=gcc
ac_cv_prog_cc_c11=
ac_cv_prog_cc_g=yes
ac_cv_prog_cc_stdc=
ac_cv_prog_make_make_set=yes
ac_cv_type__Bool=yes
ac_cv_type_size_t=yes
ac_cv_working_alloca_h=yes
am_cv_CCAS_dependencies_compiler_type=gcc3
am_cv_CC_dependencies_compiler_type=gcc3
am_cv_make_support_nested_variables=yes
am_cv_prog_cc_c_o=yes
am_cv_prog_tar_pax=gnutar
pkg_cv_SDL_CFLAGS='-I/usr/include/SDL -D_GNU_SOURCE=1 -D_REENTRANT '
pkg_cv_SDL_LIBS='-lSDL '

## ----------------- ##
## Output variables. ##
## ----------------- ##

ACLOCAL='${SHELL} '\''/home/deck/git/glq/missing'\'' aclocal-1.16'
ALLOCA=''
AMDEPBACKSLASH='\'
AMDEP_FALSE='#'
AMDEP_TRUE=''
AMTAR='$${TAR-tar}'
AM_BACKSLASH='\'
AM_DEFAULT_V='$(AM_DEFAULT_VERBOSITY)'
AM_DEFAULT_VERBOSITY='1'
AM_V='$(V)'
AUTOCONF='${SHELL} '\''/home/deck/git/glq/missing'\'' autoconf'
AUTOHEADER='${SHELL} '\''/home/deck/git/glq/missing'\'' autoheader'
AUTOMAKE='${SHELL} '\''/home/deck/git/glq/missing'\'' automake-1.16'
AWK='gawk'
CC='gcc'
CCAS='gcc'
CCASDEPMODE='depmode=gcc3'
CCASFLAGS='-g -O2'
CCDEPMODE='depmode=gcc3'
CFLAGS='-g -O2 -ffast-math -funroll-loops -fomit-frame-pointer -fexpensive-optimizations -I/usr/include/SDL -D_GNU_SOURCE=1 -D_REENTRANT '
CPP='gcc -E'
CPPFLAGS=' -DSDL'
CSCOPE='cscope'
CTAGS='ctags'
CYGPATH_W='echo'
DEFS='-DHAVE_CONFIG_H'
DEPDIR='.deps'
ECHO_C=''
ECHO_N='-n'
ECHO_T=''
ETAGS='etags'
EXEEXT=''
ICONOBJ=''
INETLIB=''
INSTALL_DATA='${INSTALL} -m 644'
INSTALL_PROGRAM='${INSTALL}'
INSTALL_SCRIPT='${INSTALL}'
INSTALL_STRIP_PROGRAM='$(install_sh) -c -s'
LDFLAGS=''
LIBOBJS=''
LIBS=' -lSDL '
LTLIBOBJS=''
MAKEINFO='${SHELL} '\''/home/deck/git/glq/missing'\'' makeinfo'
MATHLIB='-lm'
MKDIR_P='/usr/bin/mkdir -p'
OBJEXT='o'
PACKAGE='good-looking-quake'
PACKAGE_BUGREPORT=''
PACKAGE_NAME='Good Looking Quake'
PACKAGE_STRING='Good Looking Quake 1.0.9'
PACKAGE_TARNAME='good-looking-quake'
PACKAGE_URL=''
PACKAGE_VERSION='1.0.9'
PATH_SEPARATOR=':'
PKG_CONFIG='/usr/bin/pkg-config'
PKG_CONFIG_LIBDIR=''
PKG_CONFIG_PATH=''
SDL_CFLAGS='-I/usr/include/SDL -D_GNU_SOURCE=1 -D_REENTRANT '
SDL_LIBS='-lSDL '
SET_MAKE=''
SHELL='/bin/sh'
STRIP=''
VERSION='1.0.9'
XMKMF=''
ac_ct_CC='gcc'
am__EXEEXT_FALSE=''
am__EXEEXT_TRUE='#'
am__fastdepCCAS_FALSE='#'
am__fastdepCCAS_TRUE=''
am__fastdepCC_FALSE='#'
am__fastdepCC_TRUE=''
am__include='include'
am__isrc=''
am__leading_dot='.'
am__nodep='_no'
am__quote=''
am__tar='tar --format=posix -chf - "$$tardir"'
am__untar='tar -xf -'
bindir='${exec_prefix}/bin'
build='x86_64-unknown-linux-gnu'
build_alias=''
build_cpu='x86_64'
build_os='linux-gnu'
build_vendor='unknown'
datadir='${datarootdir}'
datarootdir='${prefix}/share'
docdir='${datarootdir}/doc/${PACKAGE_TARNAME}'
dvidir='${docdir}'
exec_prefix='${prefix}'
host='x86_64-unknown-linux-gnu'
host_alias=''
host_cpu='x86_64'
host_os='linux-gnu'
host_vendor='unknown'
htmldir='${docdir}'
includedir='${prefix}/include'
infodir='${datarootdir}/info'
install_sh='${SHELL} /home/deck/git/glq/install-sh'
libdir='${exec_prefix}/lib'
libexecdir='${exec_prefix}/libexec'
localedir='${datarootdir}/locale'
localstatedir='${prefix}/var'
mandir='${datarootdir}/man'
mkdir_p='$(MKDIR_P)'
oldincludedir='/usr/include'
pdfdir='${docdir}'
prefix='/usr/local'
program_transform_name='s,x,x,'
psdir='${docdir}'
runstatedir='${localstatedir}/run'
sbindir='${exec_prefix}/sbin'
sharedstatedir='${prefix}/com'
sysconfdir='${prefix}/etc'
target_alias=''

## ----------- ##
## confdefs.h. ##
## ----------- ##

/* confdefs.h */
#define PACKAGE_NAME "Good Looking Quake"
#define PACKAGE_TARNAME "good-looking-quake"
#define PACKAGE_VERSION "1.0.9"
#define PACKAGE_STRING "Good Looking Quake 1.0.9"
#define PACKAGE_BUGREPORT ""
#define PACKAGE_URL ""
#define PACKAGE "good-looking-quake"
#define VERSION "1.0.9"
#define HAVE_STDIO_H 1
#define HAVE_STDLIB_H 1
#define HAVE_STRING_H 1
#define HAVE_INTTYPES_H 1
#define HAVE_STDINT_H 1
#define HAVE_STRINGS_H 1
#define HAVE_SYS_STAT_H 1
#define HAVE_SYS_TYPES_H 1
#define HAVE_UNISTD_H 1
#define HAVE_SYS_PARAM_H 1
#define STDC_HEADERS 1
#define HAVE_ARPA_INET_H 1
#define HAVE_FCNTL_H 1
#define HAVE_LIMITS_H 1
#define HAVE_NETDB_H 1
#define HAVE_NETINET_IN_H 1
#define HAVE_STDDEF_H 1
#define HAVE_STDLIB_H 1
#define HAVE_STRING_H 1
#define HAVE_SYS_FILE_H 1
#define HAVE_SYS_IOCTL_H 1
#define HAVE_SYS_PARAM_H 1
#define HAVE_SYS_SOCKET_H 1
#define HAVE_SYS_TIME_H 1
#define HAVE_TERMIOS_H 1
#define HAVE_UNISTD_H 1
#define HAVE__BOOL 1
#define HAVE_ALLOCA_H 1
#define HAVE_ALLOCA 1
#define HAVE_MALLOC 1
#define HAVE_GETPAGESIZE 1
#define HAVE_MMAP 1
#define HAVE_ATEXIT 1
#define HAVE_GETHOSTBYADDR 1
#define HAVE_GETHOSTBYNAME 1
#define HAVE_GETHOSTNAME 1
#define HAVE_GETPAGESIZE 1
#define HAVE_GETTIMEOFDAY 1
#define HAVE_INET_NTOA 1
#define HAVE_MEMSET 1
#define HAVE_MKDIR 1
#define HAVE_MUNMAP 1
#define HAVE_SELECT 1
#define HAVE_SOCKET 1
#define HAVE_STRCASECMP 1
#define HAVE_STRCHR 1
#define HAVE_STRERROR 1
#define HAVE_STRSTR 1

configure: exit 0

## ---------------------- ##
## Running config.status. ##
## ---------------------- ##

This file was extended by Good Looking Quake config.status 1.0.9, which was
generated by GNU Autoconf 2.71.  Invocation command line was

  CONFIG_FILES    = 
  CONFIG_HEADERS  = 
  CONFIG_LINKS    = 
  CONFIG_COMMANDS = 
  $ ./config.status config.h

on steamdeck

config.status:908: creating config.h
config.status:1089: config.h is unchanged

## ---------------------- ##
## Running config.status. ##
## ---------------------- ##

This file was extended by Good Looking Quake config.status 1.0.9, which was
generated by GNU Autoconf 2.71.  Invocation command line was

  CONFIG_FILES    = 
  CONFIG_HEADERS  = 
  CONFIG_LINKS    = 
  CONFIG_COMMANDS = 
  $ ./config.status Makefile depfiles

on steamdeck

config.status:908: creating Makefile
config.status:1137: executing depfiles commands
config.status:1214: cd .       && sed -e '/# am--include-marker/d' Makefile         | make -f - am--depfiles
make[1]: Entering directory '/home/deck/git/nzp-sdl'
make[1]: Leaving directory '/home/deck/git/nzp-sdl'
config.status:1219: $? = 0
