This file contains any messages produced by compilers while
running configure, to aid debugging if configure makes a mistake.

It was created by Good Looking Quake configure 1.0.9, which was
generated by GNU Autoconf 2.69.  Invocation command line was

  $ ./configure --no-create --no-recursion

## --------- ##
## Platform. ##
## --------- ##

hostname = ryan-LT
uname -m = x86_64
uname -r = 5.4.0-139-generic
uname -s = Linux
uname -v = #156-Ubuntu SMP Fri Jan 20 17:27:18 UTC 2023

/usr/bin/uname -p = unknown
/bin/uname -X     = unknown

/bin/arch              = unknown
/usr/bin/arch -k       = unknown
/usr/convex/getsysinfo = unknown
/usr/bin/hostinfo      = unknown
/bin/machine           = unknown
/usr/bin/oslevel       = unknown
/bin/universe          = unknown

PATH: /opt/devkitpro/tools/bin
PATH: /home/ryan/bin
PATH: /opt/devkitpro/tools/bin
PATH: /usr/local/sbin
PATH: /usr/local/bin
PATH: /usr/sbin
PATH: /usr/bin
PATH: /sbin
PATH: /bin
PATH: /usr/games
PATH: /usr/local/games
PATH: /snap/bin
PATH: /home/ryan/Desktop/ti84ce/CEdev/bin
PATH: /home/ryan/.local/bin
PATH: /opt/devkitpro/devkitARM/bin
PATH: /opt/devkitpro/devkitARM/include
PATH: /usr/share


## ----------- ##
## Core tests. ##
## ----------- ##

configure:2296: checking build system type
configure:2310: result: x86_64-pc-linux-gnu
configure:2330: checking host system type
configure:2343: result: x86_64-pc-linux-gnu
configure:2380: checking for a BSD-compatible install
configure:2448: result: /usr/bin/install -c
configure:2459: checking whether build environment is sane
configure:2514: result: yes
configure:2663: checking for a thread-safe mkdir -p
configure:2702: result: /bin/mkdir -p
configure:2709: checking for gawk
configure:2739: result: no
configure:2709: checking for mawk
configure:2725: found /usr/bin/mawk
configure:2736: result: mawk
configure:2747: checking whether make sets $(MAKE)
configure:2769: result: yes
configure:2798: checking whether make supports nested variables
configure:2815: result: yes
configure:2894: checking how to create a pax tar archive
configure:2905: tar --version
tar (GNU tar) 1.30
Copyright (C) 2017 Free Software Foundation, Inc.
License GPLv3+: GNU GPL version 3 or later <https://gnu.org/licenses/gpl.html>.
This is free software: you are free to change and redistribute it.
There is NO WARRANTY, to the extent permitted by law.

Written by John Gilmore and Jay Fenlason.
configure:2908: $? = 0
configure:2948: tardir=conftest.dir && eval tar --format=posix -chf - "$tardir" >conftest.tar
configure:2951: $? = 0
configure:2955: tar -xf - <conftest.tar
configure:2958: $? = 0
configure:2960: cat conftest.dir/file
GrepMe
configure:2963: $? = 0
configure:2976: result: gnutar
configure:3075: checking for gcc
configure:3091: found /usr/bin/gcc
configure:3102: result: gcc
configure:3331: checking for C compiler version
configure:3340: gcc --version >&5
gcc (Ubuntu 9.4.0-1ubuntu1~20.04.1) 9.4.0
Copyright (C) 2019 Free Software Foundation, Inc.
This is free software; see the source for copying conditions.  There is NO
warranty; not even for MERCHANTABILITY or FITNESS FOR A PARTICULAR PURPOSE.

configure:3351: $? = 0
configure:3340: gcc -v >&5
Using built-in specs.
COLLECT_GCC=gcc
COLLECT_LTO_WRAPPER=/usr/lib/gcc/x86_64-linux-gnu/9/lto-wrapper
OFFLOAD_TARGET_NAMES=nvptx-none:hsa
OFFLOAD_TARGET_DEFAULT=1
Target: x86_64-linux-gnu
Configured with: ../src/configure -v --with-pkgversion='Ubuntu 9.4.0-1ubuntu1~20.04.1' --with-bugurl=file:///usr/share/doc/gcc-9/README.Bugs --enable-languages=c,ada,c++,go,brig,d,fortran,objc,obj-c++,gm2 --prefix=/usr --with-gcc-major-version-only --program-suffix=-9 --program-prefix=x86_64-linux-gnu- --enable-shared --enable-linker-build-id --libexecdir=/usr/lib --without-included-gettext --enable-threads=posix --libdir=/usr/lib --enable-nls --enable-clocale=gnu --enable-libstdcxx-debug --enable-libstdcxx-time=yes --with-default-libstdcxx-abi=new --enable-gnu-unique-object --disable-vtable-verify --enable-plugin --enable-default-pie --with-system-zlib --with-target-system-zlib=auto --enable-objc-gc=auto --enable-multiarch --disable-werror --with-arch-32=i686 --with-abi=m64 --with-multilib-list=m32,m64,mx32 --enable-multilib --with-tune=generic --enable-offload-targets=nvptx-none=/build/gcc-9-Av3uEd/gcc-9-9.4.0/debian/tmp-nvptx/usr,hsa --without-cuda-driver --enable-checking=release --build=x86_64-linux-gnu --host=x86_64-linux-gnu --target=x86_64-linux-gnu
Thread model: posix
gcc version 9.4.0 (Ubuntu 9.4.0-1ubuntu1~20.04.1) 
configure:3351: $? = 0
configure:3340: gcc -V >&5
gcc: error: unrecognized command line option '-V'
gcc: fatal error: no input files
compilation terminated.
configure:3351: $? = 1
configure:3340: gcc -qversion >&5
gcc: error: unrecognized command line option '-qversion'; did you mean '--version'?
gcc: fatal error: no input files
compilation terminated.
configure:3351: $? = 1
configure:3371: checking whether the C compiler works
configure:3393: gcc    conftest.c  >&5
configure:3397: $? = 0
configure:3445: result: yes
configure:3448: checking for C compiler default output file name
configure:3450: result: a.out
configure:3456: checking for suffix of executables
configure:3463: gcc -o conftest    conftest.c  >&5
configure:3467: $? = 0
configure:3489: result: 
configure:3511: checking whether we are cross compiling
configure:3519: gcc -o conftest    conftest.c  >&5
configure:3523: $? = 0
configure:3530: ./conftest
configure:3534: $? = 0
configure:3522: result: no
configure:3527: checking for suffix of object files
configure:3549: gcc -c   conftest.c >&5
configure:3553: $? = 0
configure:3574: result: o
configure:3578: checking whether we are using the GNU C compiler
configure:3597: gcc -c   conftest.c >&5
configure:3597: $? = 0
configure:3606: result: yes
configure:3615: checking whether gcc accepts -g
configure:3635: gcc -c -g  conftest.c >&5
configure:3635: $? = 0
configure:3676: result: yes
configure:3693: checking for gcc option to accept ISO C89
configure:3756: gcc  -c -g -O2  conftest.c >&5
configure:3756: $? = 0
configure:3769: result: none needed
configure:3794: checking whether gcc understands -c and -o together
configure:3816: gcc -c conftest.c -o conftest2.o
configure:3819: $? = 0
configure:3816: gcc -c conftest.c -o conftest2.o
configure:3819: $? = 0
configure:3831: result: yes
configure:3851: checking whether make supports the include directive
configure:3866: make -f confmf.GNU && cat confinc.out
make[1]: Entering directory '/home/ryan/Desktop/nzp-sdl/script'
make[1]: Leaving directory '/home/ryan/Desktop/nzp-sdl/script'
this is the am__doit target
configure:3869: $? = 0
configure:3888: result: yes (GNU style)
configure:3913: checking dependency style of gcc
configure:4024: result: gcc3
configure:4040: checking whether make sets $(MAKE)
configure:4062: result: yes
configure:4080: checking dependency style of gcc
configure:4189: result: gcc3
configure:4258: checking for pkg-config
configure:4276: found /usr/bin/pkg-config
configure:4288: result: /usr/bin/pkg-config
configure:4313: checking pkg-config is at least version 0.9.0
configure:4316: result: yes
configure:4334: checking how to run the C preprocessor
configure:4365: gcc -E  conftest.c
configure:4365: $? = 0
configure:4379: gcc -E  conftest.c
conftest.c:11:10: fatal error: ac_nonexistent.h: No such file or directory
   11 | #include <ac_nonexistent.h>
      |          ^~~~~~~~~~~~~~~~~~
compilation terminated.
configure:4379: $? = 1
configure: failed program was:
| /* confdefs.h */
| #define PACKAGE_NAME "Good Looking Quake"
| #define PACKAGE_TARNAME "good-looking-quake"
| #define PACKAGE_VERSION "1.0.9"
| #define PACKAGE_STRING "Good Looking Quake 1.0.9"
| #define PACKAGE_BUGREPORT ""
| #define PACKAGE_URL ""
| #define PACKAGE "good-looking-quake"
| #define VERSION "1.0.9"
| /* end confdefs.h.  */
| #include <ac_nonexistent.h>
configure:4404: result: gcc -E
configure:4424: gcc -E  conftest.c
configure:4424: $? = 0
configure:4438: gcc -E  conftest.c
conftest.c:11:10: fatal error: ac_nonexistent.h: No such file or directory
   11 | #include <ac_nonexistent.h>
      |          ^~~~~~~~~~~~~~~~~~
compilation terminated.
configure:4438: $? = 1
configure: failed program was:
| /* confdefs.h */
| #define PACKAGE_NAME "Good Looking Quake"
| #define PACKAGE_TARNAME "good-looking-quake"
| #define PACKAGE_VERSION "1.0.9"
| #define PACKAGE_STRING "Good Looking Quake 1.0.9"
| #define PACKAGE_BUGREPORT ""
| #define PACKAGE_URL ""
| #define PACKAGE "good-looking-quake"
| #define VERSION "1.0.9"
| /* end confdefs.h.  */
| #include <ac_nonexistent.h>
configure:4467: checking for X
configure:4575: gcc -E  conftest.c
configure:4575: $? = 0
configure:4606: gcc -o conftest -g -O2   conftest.c -lX11  >&5
configure:4606: $? = 0
configure:4656: result: libraries , headers 
configure:4660: checking for grep that handles long lines and -e
configure:4718: result: /bin/grep
configure:4723: checking for egrep
configure:4785: result: /bin/grep -E
configure:4790: checking for ANSI C header files
configure:4810: gcc -c -g -O2  conftest.c >&5
configure:4810: $? = 0
configure:4883: gcc -o conftest -g -O2   conftest.c  >&5
configure:4883: $? = 0
configure:4883: ./conftest
configure:4883: $? = 0
configure:4894: result: yes
configure:4907: checking for sys/types.h
configure:4907: gcc -c -g -O2  conftest.c >&5
configure:4907: $? = 0
configure:4907: result: yes
configure:4907: checking for sys/stat.h
configure:4907: gcc -c -g -O2  conftest.c >&5
configure:4907: $? = 0
configure:4907: result: yes
configure:4907: checking for stdlib.h
configure:4907: gcc -c -g -O2  conftest.c >&5
configure:4907: $? = 0
configure:4907: result: yes
configure:4907: checking for string.h
configure:4907: gcc -c -g -O2  conftest.c >&5
configure:4907: $? = 0
configure:4907: result: yes
configure:4907: checking for memory.h
configure:4907: gcc -c -g -O2  conftest.c >&5
configure:4907: $? = 0
configure:4907: result: yes
configure:4907: checking for strings.h
configure:4907: gcc -c -g -O2  conftest.c >&5
configure:4907: $? = 0
configure:4907: result: yes
configure:4907: checking for inttypes.h
configure:4907: gcc -c -g -O2  conftest.c >&5
configure:4907: $? = 0
configure:4907: result: yes
configure:4907: checking for stdint.h
configure:4907: gcc -c -g -O2  conftest.c >&5
configure:4907: $? = 0
configure:4907: result: yes
configure:4907: checking for unistd.h
configure:4907: gcc -c -g -O2  conftest.c >&5
configure:4907: $? = 0
configure:4907: result: yes
configure:4922: checking arpa/inet.h usability
configure:4922: gcc -c -g -O2  conftest.c >&5
configure:4922: $? = 0
configure:4922: result: yes
configure:4922: checking arpa/inet.h presence
configure:4922: gcc -E  conftest.c
configure:4922: $? = 0
configure:4922: result: yes
configure:4922: checking for arpa/inet.h
configure:4922: result: yes
configure:4922: checking fcntl.h usability
configure:4922: gcc -c -g -O2  conftest.c >&5
configure:4922: $? = 0
configure:4922: result: yes
configure:4922: checking fcntl.h presence
configure:4922: gcc -E  conftest.c
configure:4922: $? = 0
configure:4922: result: yes
configure:4922: checking for fcntl.h
configure:4922: result: yes
configure:4922: checking limits.h usability
configure:4922: gcc -c -g -O2  conftest.c >&5
configure:4922: $? = 0
configure:4922: result: yes
configure:4922: checking limits.h presence
configure:4922: gcc -E  conftest.c
configure:4922: $? = 0
configure:4922: result: yes
configure:4922: checking for limits.h
configure:4922: result: yes
configure:4922: checking netdb.h usability
configure:4922: gcc -c -g -O2  conftest.c >&5
configure:4922: $? = 0
configure:4922: result: yes
configure:4922: checking netdb.h presence
configure:4922: gcc -E  conftest.c
configure:4922: $? = 0
configure:4922: result: yes
configure:4922: checking for netdb.h
configure:4922: result: yes
configure:4922: checking netinet/in.h usability
configure:4922: gcc -c -g -O2  conftest.c >&5
configure:4922: $? = 0
configure:4922: result: yes
configure:4922: checking netinet/in.h presence
configure:4922: gcc -E  conftest.c
configure:4922: $? = 0
configure:4922: result: yes
configure:4922: checking for netinet/in.h
configure:4922: result: yes
configure:4922: checking stddef.h usability
configure:4922: gcc -c -g -O2  conftest.c >&5
configure:4922: $? = 0
configure:4922: result: yes
configure:4922: checking stddef.h presence
configure:4922: gcc -E  conftest.c
configure:4922: $? = 0
configure:4922: result: yes
configure:4922: checking for stddef.h
configure:4922: result: yes
configure:4922: checking for stdlib.h
configure:4922: result: yes
configure:4922: checking for string.h
configure:4922: result: yes
configure:4922: checking sys/file.h usability
configure:4922: gcc -c -g -O2  conftest.c >&5
configure:4922: $? = 0
configure:4922: result: yes
configure:4922: checking sys/file.h presence
configure:4922: gcc -E  conftest.c
configure:4922: $? = 0
configure:4922: result: yes
configure:4922: checking for sys/file.h
configure:4922: result: yes
configure:4922: checking sys/ioctl.h usability
configure:4922: gcc -c -g -O2  conftest.c >&5
configure:4922: $? = 0
configure:4922: result: yes
configure:4922: checking sys/ioctl.h presence
configure:4922: gcc -E  conftest.c
configure:4922: $? = 0
configure:4922: result: yes
configure:4922: checking for sys/ioctl.h
configure:4922: result: yes
configure:4922: checking sys/param.h usability
configure:4922: gcc -c -g -O2  conftest.c >&5
configure:4922: $? = 0
configure:4922: result: yes
configure:4922: checking sys/param.h presence
configure:4922: gcc -E  conftest.c
configure:4922: $? = 0
configure:4922: result: yes
configure:4922: checking for sys/param.h
configure:4922: result: yes
configure:4922: checking sys/socket.h usability
configure:4922: gcc -c -g -O2  conftest.c >&5
configure:4922: $? = 0
configure:4922: result: yes
configure:4922: checking sys/socket.h presence
configure:4922: gcc -E  conftest.c
configure:4922: $? = 0
configure:4922: result: yes
configure:4922: checking for sys/socket.h
configure:4922: result: yes
configure:4922: checking sys/time.h usability
configure:4922: gcc -c -g -O2  conftest.c >&5
configure:4922: $? = 0
configure:4922: result: yes
configure:4922: checking sys/time.h presence
configure:4922: gcc -E  conftest.c
configure:4922: $? = 0
configure:4922: result: yes
configure:4922: checking for sys/time.h
configure:4922: result: yes
configure:4922: checking termios.h usability
configure:4922: gcc -c -g -O2  conftest.c >&5
configure:4922: $? = 0
configure:4922: result: yes
configure:4922: checking termios.h presence
configure:4922: gcc -E  conftest.c
configure:4922: $? = 0
configure:4922: result: yes
configure:4922: checking for termios.h
configure:4922: result: yes
configure:4922: checking for unistd.h
configure:4922: result: yes
configure:4934: checking for stdbool.h that conforms to C99
configure:5001: gcc -c -g -O2  conftest.c >&5
configure:5001: $? = 0
configure:5008: result: yes
configure:5010: checking for _Bool
configure:5010: gcc -c -g -O2  conftest.c >&5
configure:5010: $? = 0
configure:5010: gcc -c -g -O2  conftest.c >&5
conftest.c: In function 'main':
conftest.c:72:20: error: expected expression before ')' token
   72 | if (sizeof ((_Bool)))
      |                    ^
configure:5010: $? = 1
configure: failed program was:
| /* confdefs.h */
| #define PACKAGE_NAME "Good Looking Quake"
| #define PACKAGE_TARNAME "good-looking-quake"
| #define PACKAGE_VERSION "1.0.9"
| #define PACKAGE_STRING "Good Looking Quake 1.0.9"
| #define PACKAGE_BUGREPORT ""
| #define PACKAGE_URL ""
| #define PACKAGE "good-looking-quake"
| #define VERSION "1.0.9"
| #define STDC_HEADERS 1
| #define HAVE_SYS_TYPES_H 1
| #define HAVE_SYS_STAT_H 1
| #define HAVE_STDLIB_H 1
| #define HAVE_STRING_H 1
| #define HAVE_MEMORY_H 1
| #define HAVE_STRINGS_H 1
| #define HAVE_INTTYPES_H 1
| #define HAVE_STDINT_H 1
| #define HAVE_UNISTD_H 1
| #define HAVE_ARPA_INET_H 1
| #define HAVE_FCNTL_H 1
| #define HAVE_LIMITS_H 1
| #define HAVE_NETDB_H 1
| #define HAVE_NETINET_IN_H 1
| #define HAVE_STDDEF_H 1
| #define HAVE_STDLIB_H 1
| #define HAVE_STRING_H 1
| #define HAVE_SYS_FILE_H 1
| #define HAVE_SYS_IOCTL_H 1
| #define HAVE_SYS_PARAM_H 1
| #define HAVE_SYS_SOCKET_H 1
| #define HAVE_SYS_TIME_H 1
| #define HAVE_TERMIOS_H 1
| #define HAVE_UNISTD_H 1
| /* end confdefs.h.  */
| #include <stdio.h>
| #ifdef HAVE_SYS_TYPES_H
| # include <sys/types.h>
| #endif
| #ifdef HAVE_SYS_STAT_H
| # include <sys/stat.h>
| #endif
| #ifdef STDC_HEADERS
| # include <stdlib.h>
| # include <stddef.h>
| #else
| # ifdef HAVE_STDLIB_H
| #  include <stdlib.h>
| # endif
| #endif
| #ifdef HAVE_STRING_H
| # if !defined STDC_HEADERS && defined HAVE_MEMORY_H
| #  include <memory.h>
| # endif
| # include <string.h>
| #endif
| #ifdef HAVE_STRINGS_H
| # include <strings.h>
| #endif
| #ifdef HAVE_INTTYPES_H
| # include <inttypes.h>
| #endif
| #ifdef HAVE_STDINT_H
| # include <stdint.h>
| #endif
| #ifdef HAVE_UNISTD_H
| # include <unistd.h>
| #endif
| int
| main ()
| {
| if (sizeof ((_Bool)))
| 	    return 0;
|   ;
|   return 0;
| }
configure:5010: result: yes
configure:5021: checking for inline
configure:5037: gcc -c -g -O2  conftest.c >&5
configure:5037: $? = 0
configure:5045: result: inline
configure:5063: checking for size_t
configure:5063: gcc -c -g -O2  conftest.c >&5
configure:5063: $? = 0
configure:5063: gcc -c -g -O2  conftest.c >&5
conftest.c: In function 'main':
conftest.c:73:21: error: expected expression before ')' token
   73 | if (sizeof ((size_t)))
      |                     ^
configure:5063: $? = 1
configure: failed program was:
| /* confdefs.h */
| #define PACKAGE_NAME "Good Looking Quake"
| #define PACKAGE_TARNAME "good-looking-quake"
| #define PACKAGE_VERSION "1.0.9"
| #define PACKAGE_STRING "Good Looking Quake 1.0.9"
| #define PACKAGE_BUGREPORT ""
| #define PACKAGE_URL ""
| #define PACKAGE "good-looking-quake"
| #define VERSION "1.0.9"
| #define STDC_HEADERS 1
| #define HAVE_SYS_TYPES_H 1
| #define HAVE_SYS_STAT_H 1
| #define HAVE_STDLIB_H 1
| #define HAVE_STRING_H 1
| #define HAVE_MEMORY_H 1
| #define HAVE_STRINGS_H 1
| #define HAVE_INTTYPES_H 1
| #define HAVE_STDINT_H 1
| #define HAVE_UNISTD_H 1
| #define HAVE_ARPA_INET_H 1
| #define HAVE_FCNTL_H 1
| #define HAVE_LIMITS_H 1
| #define HAVE_NETDB_H 1
| #define HAVE_NETINET_IN_H 1
| #define HAVE_STDDEF_H 1
| #define HAVE_STDLIB_H 1
| #define HAVE_STRING_H 1
| #define HAVE_SYS_FILE_H 1
| #define HAVE_SYS_IOCTL_H 1
| #define HAVE_SYS_PARAM_H 1
| #define HAVE_SYS_SOCKET_H 1
| #define HAVE_SYS_TIME_H 1
| #define HAVE_TERMIOS_H 1
| #define HAVE_UNISTD_H 1
| #define HAVE__BOOL 1
| /* end confdefs.h.  */
| #include <stdio.h>
| #ifdef HAVE_SYS_TYPES_H
| # include <sys/types.h>
| #endif
| #ifdef HAVE_SYS_STAT_H
| # include <sys/stat.h>
| #endif
| #ifdef STDC_HEADERS
| # include <stdlib.h>
| # include <stddef.h>
| #else
| # ifdef HAVE_STDLIB_H
| #  include <stdlib.h>
| # endif
| #endif
| #ifdef HAVE_STRING_H
| # if !defined STDC_HEADERS && defined HAVE_MEMORY_H
| #  include <memory.h>
| # endif
| # include <string.h>
| #endif
| #ifdef HAVE_STRINGS_H
| # include <strings.h>
| #endif
| #ifdef HAVE_INTTYPES_H
| # include <inttypes.h>
| #endif
| #ifdef HAVE_STDINT_H
| # include <stdint.h>
| #endif
| #ifdef HAVE_UNISTD_H
| # include <unistd.h>
| #endif
| int
| main ()
| {
| if (sizeof ((size_t)))
| 	    return 0;
|   ;
|   return 0;
| }
configure:5063: result: yes
configure:5078: checking for working alloca.h
configure:5095: gcc -o conftest -g -O2   conftest.c  >&5
configure:5095: $? = 0
configure:5103: result: yes
configure:5111: checking for alloca
configure:5148: gcc -o conftest -g -O2   conftest.c  >&5
configure:5148: $? = 0
configure:5156: result: yes
configure:5264: checking for stdlib.h
configure:5264: result: yes
configure:5274: checking for GNU libc compatible malloc
configure:5298: gcc -o conftest -g -O2   conftest.c  >&5
configure:5298: $? = 0
configure:5298: ./conftest
configure:5298: $? = 0
configure:5308: result: yes
configure:5335: checking for stdlib.h
configure:5335: result: yes
configure:5335: checking for unistd.h
configure:5335: result: yes
configure:5335: checking for sys/param.h
configure:5335: result: yes
configure:5355: checking for getpagesize
configure:5355: gcc -o conftest -g -O2   conftest.c  >&5
configure:5355: $? = 0
configure:5355: result: yes
configure:5364: checking for working mmap
configure:5513: gcc -o conftest -g -O2   conftest.c  >&5
configure:5513: $? = 0
configure:5513: ./conftest
configure:5513: $? = 0
configure:5523: result: yes
configure:5535: checking for atexit
configure:5535: gcc -o conftest -g -O2   conftest.c  >&5
configure:5535: $? = 0
configure:5535: result: yes
configure:5535: checking for floor
configure:5535: gcc -o conftest -g -O2   conftest.c  >&5
conftest.c:70:6: warning: conflicting types for built-in function 'floor'; expected 'double(double)' [-Wbuiltin-declaration-mismatch]
   70 | char floor ();
      |      ^~~~~
conftest.c:58:1: note: 'floor' is declared in header '<math.h>'
   57 | # include <limits.h>
   58 | #else
/usr/bin/ld: /tmp/ccmO8VEM.o: in function `main':
/home/ryan/Desktop/nzp-sdl/script/conftest.c:81: undefined reference to `floor'
collect2: error: ld returned 1 exit status
configure:5535: $? = 1
configure: failed program was:
| /* confdefs.h */
| #define PACKAGE_NAME "Good Looking Quake"
| #define PACKAGE_TARNAME "good-looking-quake"
| #define PACKAGE_VERSION "1.0.9"
| #define PACKAGE_STRING "Good Looking Quake 1.0.9"
| #define PACKAGE_BUGREPORT ""
| #define PACKAGE_URL ""
| #define PACKAGE "good-looking-quake"
| #define VERSION "1.0.9"
| #define STDC_HEADERS 1
| #define HAVE_SYS_TYPES_H 1
| #define HAVE_SYS_STAT_H 1
| #define HAVE_STDLIB_H 1
| #define HAVE_STRING_H 1
| #define HAVE_MEMORY_H 1
| #define HAVE_STRINGS_H 1
| #define HAVE_INTTYPES_H 1
| #define HAVE_STDINT_H 1
| #define HAVE_UNISTD_H 1
| #define HAVE_ARPA_INET_H 1
| #define HAVE_FCNTL_H 1
| #define HAVE_LIMITS_H 1
| #define HAVE_NETDB_H 1
| #define HAVE_NETINET_IN_H 1
| #define HAVE_STDDEF_H 1
| #define HAVE_STDLIB_H 1
| #define HAVE_STRING_H 1
| #define HAVE_SYS_FILE_H 1
| #define HAVE_SYS_IOCTL_H 1
| #define HAVE_SYS_PARAM_H 1
| #define HAVE_SYS_SOCKET_H 1
| #define HAVE_SYS_TIME_H 1
| #define HAVE_TERMIOS_H 1
| #define HAVE_UNISTD_H 1
| #define HAVE__BOOL 1
| #define HAVE_ALLOCA_H 1
| #define HAVE_ALLOCA 1
| #define HAVE_STDLIB_H 1
| #define HAVE_MALLOC 1
| #define HAVE_STDLIB_H 1
| #define HAVE_UNISTD_H 1
| #define HAVE_SYS_PARAM_H 1
| #define HAVE_GETPAGESIZE 1
| #define HAVE_MMAP 1
| #define HAVE_ATEXIT 1
| /* end confdefs.h.  */
| /* Define floor to an innocuous variant, in case <limits.h> declares floor.
|    For example, HP-UX 11i <limits.h> declares gettimeofday.  */
| #define floor innocuous_floor
| 
| /* System header to define __stub macros and hopefully few prototypes,
|     which can conflict with char floor (); below.
|     Prefer <limits.h> to <assert.h> if __STDC__ is defined, since
|     <limits.h> exists even on freestanding compilers.  */
| 
| #ifdef __STDC__
| # include <limits.h>
| #else
| # include <assert.h>
| #endif
| 
| #undef floor
| 
| /* Override any GCC internal prototype to avoid an error.
|    Use char because int might match the return type of a GCC
|    builtin and then its argument prototype would still apply.  */
| #ifdef __cplusplus
| extern "C"
| #endif
| char floor ();
| /* The GNU C library defines this for functions which it implements
|     to always fail with ENOSYS.  Some functions are actually named
|     something starting with __ and the normal name is an alias.  */
| #if defined __stub_floor || defined __stub___floor
| choke me
| #endif
| 
| int
| main ()
| {
| return floor ();
|   ;
|   return 0;
| }
configure:5535: result: no
configure:5535: checking for gethostbyaddr
configure:5535: gcc -o conftest -g -O2   conftest.c  >&5
configure:5535: $? = 0
configure:5535: result: yes
configure:5535: checking for gethostbyname
configure:5535: gcc -o conftest -g -O2   conftest.c  >&5
configure:5535: $? = 0
configure:5535: result: yes
configure:5535: checking for gethostname
configure:5535: gcc -o conftest -g -O2   conftest.c  >&5
configure:5535: $? = 0
configure:5535: result: yes
configure:5535: checking for gethrtime
configure:5535: gcc -o conftest -g -O2   conftest.c  >&5
/usr/bin/ld: /tmp/ccg6b7Bq.o: in function `main':
/home/ryan/Desktop/nzp-sdl/script/conftest.c:84: undefined reference to `gethrtime'
collect2: error: ld returned 1 exit status
configure:5535: $? = 1
configure: failed program was:
| /* confdefs.h */
| #define PACKAGE_NAME "Good Looking Quake"
| #define PACKAGE_TARNAME "good-looking-quake"
| #define PACKAGE_VERSION "1.0.9"
| #define PACKAGE_STRING "Good Looking Quake 1.0.9"
| #define PACKAGE_BUGREPORT ""
| #define PACKAGE_URL ""
| #define PACKAGE "good-looking-quake"
| #define VERSION "1.0.9"
| #define STDC_HEADERS 1
| #define HAVE_SYS_TYPES_H 1
| #define HAVE_SYS_STAT_H 1
| #define HAVE_STDLIB_H 1
| #define HAVE_STRING_H 1
| #define HAVE_MEMORY_H 1
| #define HAVE_STRINGS_H 1
| #define HAVE_INTTYPES_H 1
| #define HAVE_STDINT_H 1
| #define HAVE_UNISTD_H 1
| #define HAVE_ARPA_INET_H 1
| #define HAVE_FCNTL_H 1
| #define HAVE_LIMITS_H 1
| #define HAVE_NETDB_H 1
| #define HAVE_NETINET_IN_H 1
| #define HAVE_STDDEF_H 1
| #define HAVE_STDLIB_H 1
| #define HAVE_STRING_H 1
| #define HAVE_SYS_FILE_H 1
| #define HAVE_SYS_IOCTL_H 1
| #define HAVE_SYS_PARAM_H 1
| #define HAVE_SYS_SOCKET_H 1
| #define HAVE_SYS_TIME_H 1
| #define HAVE_TERMIOS_H 1
| #define HAVE_UNISTD_H 1
| #define HAVE__BOOL 1
| #define HAVE_ALLOCA_H 1
| #define HAVE_ALLOCA 1
| #define HAVE_STDLIB_H 1
| #define HAVE_MALLOC 1
| #define HAVE_STDLIB_H 1
| #define HAVE_UNISTD_H 1
| #define HAVE_SYS_PARAM_H 1
| #define HAVE_GETPAGESIZE 1
| #define HAVE_MMAP 1
| #define HAVE_ATEXIT 1
| #define HAVE_GETHOSTBYADDR 1
| #define HAVE_GETHOSTBYNAME 1
| #define HAVE_GETHOSTNAME 1
| /* end confdefs.h.  */
| /* Define gethrtime to an innocuous variant, in case <limits.h> declares gethrtime.
|    For example, HP-UX 11i <limits.h> declares gettimeofday.  */
| #define gethrtime innocuous_gethrtime
| 
| /* System header to define __stub macros and hopefully few prototypes,
|     which can conflict with char gethrtime (); below.
|     Prefer <limits.h> to <assert.h> if __STDC__ is defined, since
|     <limits.h> exists even on freestanding compilers.  */
| 
| #ifdef __STDC__
| # include <limits.h>
| #else
| # include <assert.h>
| #endif
| 
| #undef gethrtime
| 
| /* Override any GCC internal prototype to avoid an error.
|    Use char because int might match the return type of a GCC
|    builtin and then its argument prototype would still apply.  */
| #ifdef __cplusplus
| extern "C"
| #endif
| char gethrtime ();
| /* The GNU C library defines this for functions which it implements
|     to always fail with ENOSYS.  Some functions are actually named
|     something starting with __ and the normal name is an alias.  */
| #if defined __stub_gethrtime || defined __stub___gethrtime
| choke me
| #endif
| 
| int
| main ()
| {
| return gethrtime ();
|   ;
|   return 0;
| }
configure:5535: result: no
configure:5535: checking for getpagesize
configure:5535: result: yes
configure:5535: checking for gettimeofday
configure:5535: gcc -o conftest -g -O2   conftest.c  >&5
configure:5535: $? = 0
configure:5535: result: yes
configure:5535: checking for inet_ntoa
configure:5535: gcc -o conftest -g -O2   conftest.c  >&5
configure:5535: $? = 0
configure:5535: result: yes
configure:5535: checking for memset
configure:5535: gcc -o conftest -g -O2   conftest.c  >&5
conftest.c:76:6: warning: conflicting types for built-in function 'memset'; expected 'void *(void *, int,  long unsigned int)' [-Wbuiltin-declaration-mismatch]
   76 | char memset ();
      |      ^~~~~~
conftest.c:64:1: note: 'memset' is declared in header '<string.h>'
   63 | # include <limits.h>
   64 | #else
configure:5535: $? = 0
configure:5535: result: yes
configure:5535: checking for mkdir
configure:5535: gcc -o conftest -g -O2   conftest.c  >&5
configure:5535: $? = 0
configure:5535: result: yes
configure:5535: checking for munmap
configure:5535: gcc -o conftest -g -O2   conftest.c  >&5
configure:5535: $? = 0
configure:5535: result: yes
configure:5535: checking for pow
configure:5535: gcc -o conftest -g -O2   conftest.c  >&5
conftest.c:79:6: warning: conflicting types for built-in function 'pow'; expected 'double(double,  double)' [-Wbuiltin-declaration-mismatch]
   79 | char pow ();
      |      ^~~
conftest.c:67:1: note: 'pow' is declared in header '<math.h>'
   66 | # include <limits.h>
   67 | #else
/usr/bin/ld: /tmp/ccJkG6oT.o: in function `main':
/home/ryan/Desktop/nzp-sdl/script/conftest.c:90: undefined reference to `pow'
collect2: error: ld returned 1 exit status
configure:5535: $? = 1
configure: failed program was:
| /* confdefs.h */
| #define PACKAGE_NAME "Good Looking Quake"
| #define PACKAGE_TARNAME "good-looking-quake"
| #define PACKAGE_VERSION "1.0.9"
| #define PACKAGE_STRING "Good Looking Quake 1.0.9"
| #define PACKAGE_BUGREPORT ""
| #define PACKAGE_URL ""
| #define PACKAGE "good-looking-quake"
| #define VERSION "1.0.9"
| #define STDC_HEADERS 1
| #define HAVE_SYS_TYPES_H 1
| #define HAVE_SYS_STAT_H 1
| #define HAVE_STDLIB_H 1
| #define HAVE_STRING_H 1
| #define HAVE_MEMORY_H 1
| #define HAVE_STRINGS_H 1
| #define HAVE_INTTYPES_H 1
| #define HAVE_STDINT_H 1
| #define HAVE_UNISTD_H 1
| #define HAVE_ARPA_INET_H 1
| #define HAVE_FCNTL_H 1
| #define HAVE_LIMITS_H 1
| #define HAVE_NETDB_H 1
| #define HAVE_NETINET_IN_H 1
| #define HAVE_STDDEF_H 1
| #define HAVE_STDLIB_H 1
| #define HAVE_STRING_H 1
| #define HAVE_SYS_FILE_H 1
| #define HAVE_SYS_IOCTL_H 1
| #define HAVE_SYS_PARAM_H 1
| #define HAVE_SYS_SOCKET_H 1
| #define HAVE_SYS_TIME_H 1
| #define HAVE_TERMIOS_H 1
| #define HAVE_UNISTD_H 1
| #define HAVE__BOOL 1
| #define HAVE_ALLOCA_H 1
| #define HAVE_ALLOCA 1
| #define HAVE_STDLIB_H 1
| #define HAVE_MALLOC 1
| #define HAVE_STDLIB_H 1
| #define HAVE_UNISTD_H 1
| #define HAVE_SYS_PARAM_H 1
| #define HAVE_GETPAGESIZE 1
| #define HAVE_MMAP 1
| #define HAVE_ATEXIT 1
| #define HAVE_GETHOSTBYADDR 1
| #define HAVE_GETHOSTBYNAME 1
| #define HAVE_GETHOSTNAME 1
| #define HAVE_GETPAGESIZE 1
| #define HAVE_GETTIMEOFDAY 1
| #define HAVE_INET_NTOA 1
| #define HAVE_MEMSET 1
| #define HAVE_MKDIR 1
| #define HAVE_MUNMAP 1
| /* end confdefs.h.  */
| /* Define pow to an innocuous variant, in case <limits.h> declares pow.
|    For example, HP-UX 11i <limits.h> declares gettimeofday.  */
| #define pow innocuous_pow
| 
| /* System header to define __stub macros and hopefully few prototypes,
|     which can conflict with char pow (); below.
|     Prefer <limits.h> to <assert.h> if __STDC__ is defined, since
|     <limits.h> exists even on freestanding compilers.  */
| 
| #ifdef __STDC__
| # include <limits.h>
| #else
| # include <assert.h>
| #endif
| 
| #undef pow
| 
| /* Override any GCC internal prototype to avoid an error.
|    Use char because int might match the return type of a GCC
|    builtin and then its argument prototype would still apply.  */
| #ifdef __cplusplus
| extern "C"
| #endif
| char pow ();
| /* The GNU C library defines this for functions which it implements
|     to always fail with ENOSYS.  Some functions are actually named
|     something starting with __ and the normal name is an alias.  */
| #if defined __stub_pow || defined __stub___pow
| choke me
| #endif
| 
| int
| main ()
| {
| return pow ();
|   ;
|   return 0;
| }
configure:5535: result: no
configure:5535: checking for select
configure:5535: gcc -o conftest -g -O2   conftest.c  >&5
configure:5535: $? = 0
configure:5535: result: yes
configure:5535: checking for socket
configure:5535: gcc -o conftest -g -O2   conftest.c  >&5
configure:5535: $? = 0
configure:5535: result: yes
configure:5535: checking for sqrt
configure:5535: gcc -o conftest -g -O2   conftest.c  >&5
conftest.c:81:6: warning: conflicting types for built-in function 'sqrt'; expected 'double(double)' [-Wbuiltin-declaration-mismatch]
   81 | char sqrt ();
      |      ^~~~
conftest.c:69:1: note: 'sqrt' is declared in header '<math.h>'
   68 | # include <limits.h>
   69 | #else
/usr/bin/ld: /tmp/cckgedDa.o: in function `main':
/home/ryan/Desktop/nzp-sdl/script/conftest.c:92: undefined reference to `sqrt'
collect2: error: ld returned 1 exit status
configure:5535: $? = 1
configure: failed program was:
| /* confdefs.h */
| #define PACKAGE_NAME "Good Looking Quake"
| #define PACKAGE_TARNAME "good-looking-quake"
| #define PACKAGE_VERSION "1.0.9"
| #define PACKAGE_STRING "Good Looking Quake 1.0.9"
| #define PACKAGE_BUGREPORT ""
| #define PACKAGE_URL ""
| #define PACKAGE "good-looking-quake"
| #define VERSION "1.0.9"
| #define STDC_HEADERS 1
| #define HAVE_SYS_TYPES_H 1
| #define HAVE_SYS_STAT_H 1
| #define HAVE_STDLIB_H 1
| #define HAVE_STRING_H 1
| #define HAVE_MEMORY_H 1
| #define HAVE_STRINGS_H 1
| #define HAVE_INTTYPES_H 1
| #define HAVE_STDINT_H 1
| #define HAVE_UNISTD_H 1
| #define HAVE_ARPA_INET_H 1
| #define HAVE_FCNTL_H 1
| #define HAVE_LIMITS_H 1
| #define HAVE_NETDB_H 1
| #define HAVE_NETINET_IN_H 1
| #define HAVE_STDDEF_H 1
| #define HAVE_STDLIB_H 1
| #define HAVE_STRING_H 1
| #define HAVE_SYS_FILE_H 1
| #define HAVE_SYS_IOCTL_H 1
| #define HAVE_SYS_PARAM_H 1
| #define HAVE_SYS_SOCKET_H 1
| #define HAVE_SYS_TIME_H 1
| #define HAVE_TERMIOS_H 1
| #define HAVE_UNISTD_H 1
| #define HAVE__BOOL 1
| #define HAVE_ALLOCA_H 1
| #define HAVE_ALLOCA 1
| #define HAVE_STDLIB_H 1
| #define HAVE_MALLOC 1
| #define HAVE_STDLIB_H 1
| #define HAVE_UNISTD_H 1
| #define HAVE_SYS_PARAM_H 1
| #define HAVE_GETPAGESIZE 1
| #define HAVE_MMAP 1
| #define HAVE_ATEXIT 1
| #define HAVE_GETHOSTBYADDR 1
| #define HAVE_GETHOSTBYNAME 1
| #define HAVE_GETHOSTNAME 1
| #define HAVE_GETPAGESIZE 1
| #define HAVE_GETTIMEOFDAY 1
| #define HAVE_INET_NTOA 1
| #define HAVE_MEMSET 1
| #define HAVE_MKDIR 1
| #define HAVE_MUNMAP 1
| #define HAVE_SELECT 1
| #define HAVE_SOCKET 1
| /* end confdefs.h.  */
| /* Define sqrt to an innocuous variant, in case <limits.h> declares sqrt.
|    For example, HP-UX 11i <limits.h> declares gettimeofday.  */
| #define sqrt innocuous_sqrt
| 
| /* System header to define __stub macros and hopefully few prototypes,
|     which can conflict with char sqrt (); below.
|     Prefer <limits.h> to <assert.h> if __STDC__ is defined, since
|     <limits.h> exists even on freestanding compilers.  */
| 
| #ifdef __STDC__
| # include <limits.h>
| #else
| # include <assert.h>
| #endif
| 
| #undef sqrt
| 
| /* Override any GCC internal prototype to avoid an error.
|    Use char because int might match the return type of a GCC
|    builtin and then its argument prototype would still apply.  */
| #ifdef __cplusplus
| extern "C"
| #endif
| char sqrt ();
| /* The GNU C library defines this for functions which it implements
|     to always fail with ENOSYS.  Some functions are actually named
|     something starting with __ and the normal name is an alias.  */
| #if defined __stub_sqrt || defined __stub___sqrt
| choke me
| #endif
| 
| int
| main ()
| {
| return sqrt ();
|   ;
|   return 0;
| }
configure:5535: result: no
configure:5535: checking for strcasecmp
configure:5535: gcc -o conftest -g -O2   conftest.c  >&5
conftest.c:81:6: warning: conflicting types for built-in function 'strcasecmp'; expected 'int(const char *, const char *)' [-Wbuiltin-declaration-mismatch]
   81 | char strcasecmp ();
      |      ^~~~~~~~~~
configure:5535: $? = 0
configure:5535: result: yes
configure:5535: checking for strchr
configure:5535: gcc -o conftest -g -O2   conftest.c  >&5
conftest.c:82:6: warning: conflicting types for built-in function 'strchr'; expected 'char *(const char *, int)' [-Wbuiltin-declaration-mismatch]
   82 | char strchr ();
      |      ^~~~~~
conftest.c:70:1: note: 'strchr' is declared in header '<string.h>'
   69 | # include <limits.h>
   70 | #else
configure:5535: $? = 0
configure:5535: result: yes
configure:5535: checking for strerror
configure:5535: gcc -o conftest -g -O2   conftest.c  >&5
configure:5535: $? = 0
configure:5535: result: yes
configure:5535: checking for strstr
configure:5535: gcc -o conftest -g -O2   conftest.c  >&5
conftest.c:84:6: warning: conflicting types for built-in function 'strstr'; expected 'char *(const char *, const char *)' [-Wbuiltin-declaration-mismatch]
   84 | char strstr ();
      |      ^~~~~~
conftest.c:72:1: note: 'strstr' is declared in header '<string.h>'
   71 | # include <limits.h>
   72 | #else
configure:5535: $? = 0
configure:5535: result: yes
configure:5575: checking for SDL
configure:5582: $PKG_CONFIG --exists --print-errors "sdl >= 1.2.0"
configure:5585: $? = 0
configure:5599: $PKG_CONFIG --exists --print-errors "sdl >= 1.2.0"
configure:5602: $? = 0
configure:5640: result: yes
configure:5759: checking that generated files are newer than configure
configure:5765: result: done
configure:5792: creating ./config.status

## ---------------- ##
## Cache variables. ##
## ---------------- ##

ac_cv_build=x86_64-pc-linux-gnu
ac_cv_c_compiler_gnu=yes
ac_cv_c_inline=inline
ac_cv_env_CCASFLAGS_set=
ac_cv_env_CCASFLAGS_value=
ac_cv_env_CCAS_set=
ac_cv_env_CCAS_value=
ac_cv_env_CC_set=
ac_cv_env_CC_value=
ac_cv_env_CFLAGS_set=
ac_cv_env_CFLAGS_value=
ac_cv_env_CPPFLAGS_set=
ac_cv_env_CPPFLAGS_value=
ac_cv_env_CPP_set=
ac_cv_env_CPP_value=
ac_cv_env_LDFLAGS_set=
ac_cv_env_LDFLAGS_value=
ac_cv_env_LIBS_set=
ac_cv_env_LIBS_value=
ac_cv_env_PKG_CONFIG_LIBDIR_set=
ac_cv_env_PKG_CONFIG_LIBDIR_value=
ac_cv_env_PKG_CONFIG_PATH_set=
ac_cv_env_PKG_CONFIG_PATH_value=
ac_cv_env_PKG_CONFIG_set=
ac_cv_env_PKG_CONFIG_value=
ac_cv_env_SDL_CFLAGS_set=
ac_cv_env_SDL_CFLAGS_value=
ac_cv_env_SDL_LIBS_set=
ac_cv_env_SDL_LIBS_value=
ac_cv_env_XMKMF_set=
ac_cv_env_XMKMF_value=
ac_cv_env_build_alias_set=
ac_cv_env_build_alias_value=
ac_cv_env_host_alias_set=
ac_cv_env_host_alias_value=
ac_cv_env_target_alias_set=
ac_cv_env_target_alias_value=
ac_cv_func_alloca_works=yes
ac_cv_func_atexit=yes
ac_cv_func_floor=no
ac_cv_func_gethostbyaddr=yes
ac_cv_func_gethostbyname=yes
ac_cv_func_gethostname=yes
ac_cv_func_gethrtime=no
ac_cv_func_getpagesize=yes
ac_cv_func_gettimeofday=yes
ac_cv_func_inet_ntoa=yes
ac_cv_func_malloc_0_nonnull=yes
ac_cv_func_memset=yes
ac_cv_func_mkdir=yes
ac_cv_func_mmap_fixed_mapped=yes
ac_cv_func_munmap=yes
ac_cv_func_pow=no
ac_cv_func_select=yes
ac_cv_func_socket=yes
ac_cv_func_sqrt=no
ac_cv_func_strcasecmp=yes
ac_cv_func_strchr=yes
ac_cv_func_strerror=yes
ac_cv_func_strstr=yes
ac_cv_have_x='have_x=yes	ac_x_includes='\'''\''	ac_x_libraries='\'''\'''
ac_cv_header_arpa_inet_h=yes
ac_cv_header_fcntl_h=yes
ac_cv_header_inttypes_h=yes
ac_cv_header_limits_h=yes
ac_cv_header_memory_h=yes
ac_cv_header_netdb_h=yes
ac_cv_header_netinet_in_h=yes
ac_cv_header_stdbool_h=yes
ac_cv_header_stdc=yes
ac_cv_header_stddef_h=yes
ac_cv_header_stdint_h=yes
ac_cv_header_stdlib_h=yes
ac_cv_header_string_h=yes
ac_cv_header_strings_h=yes
ac_cv_header_sys_file_h=yes
ac_cv_header_sys_ioctl_h=yes
ac_cv_header_sys_param_h=yes
ac_cv_header_sys_socket_h=yes
ac_cv_header_sys_stat_h=yes
ac_cv_header_sys_time_h=yes
ac_cv_header_sys_types_h=yes
ac_cv_header_termios_h=yes
ac_cv_header_unistd_h=yes
ac_cv_host=x86_64-pc-linux-gnu
ac_cv_objext=o
ac_cv_path_EGREP='/bin/grep -E'
ac_cv_path_GREP=/bin/grep
ac_cv_path_ac_pt_PKG_CONFIG=/usr/bin/pkg-config
ac_cv_path_install='/usr/bin/install -c'
ac_cv_path_mkdir=/bin/mkdir
ac_cv_prog_AWK=mawk
ac_cv_prog_CPP='gcc -E'
ac_cv_prog_ac_ct_CC=gcc
ac_cv_prog_cc_c89=
ac_cv_prog_cc_g=yes
ac_cv_prog_make_make_set=yes
ac_cv_type__Bool=yes
ac_cv_type_size_t=yes
ac_cv_working_alloca_h=yes
am_cv_CCAS_dependencies_compiler_type=gcc3
am_cv_CC_dependencies_compiler_type=gcc3
am_cv_make_support_nested_variables=yes
am_cv_prog_cc_c_o=yes
am_cv_prog_tar_pax=gnutar
pkg_cv_SDL_CFLAGS='-D_GNU_SOURCE=1 -D_REENTRANT -I/usr/include/SDL'
pkg_cv_SDL_LIBS=-lSDL

## ----------------- ##
## Output variables. ##
## ----------------- ##

ACLOCAL='${SHELL} /home/ryan/Desktop/nzp-sdl/script/missing aclocal-1.16'
ALLOCA=''
AMDEPBACKSLASH='\'
AMDEP_FALSE='#'
AMDEP_TRUE=''
AMTAR='$${TAR-tar}'
AM_BACKSLASH='\'
AM_DEFAULT_V='$(AM_DEFAULT_VERBOSITY)'
AM_DEFAULT_VERBOSITY='1'
AM_V='$(V)'
AUTOCONF='${SHELL} /home/ryan/Desktop/nzp-sdl/script/missing autoconf'
AUTOHEADER='${SHELL} /home/ryan/Desktop/nzp-sdl/script/missing autoheader'
AUTOMAKE='${SHELL} /home/ryan/Desktop/nzp-sdl/script/missing automake-1.16'
AWK='mawk'
CC='gcc'
CCAS='gcc'
CCASDEPMODE='depmode=gcc3'
CCASFLAGS='-g -O2'
CCDEPMODE='depmode=gcc3'
CFLAGS='-g -O2 -D __LINUX__ -ffast-math -funroll-loops -fomit-frame-pointer -fexpensive-optimizations -D_GNU_SOURCE=1 -D_REENTRANT -I/usr/include/SDL'
CPP='gcc -E'
CPPFLAGS=' -DSDL'
CYGPATH_W='echo'
DEFS='-DHAVE_CONFIG_H'
DEPDIR='.deps'
ECHO_C=''
ECHO_N='-n'
ECHO_T=''
EGREP='/bin/grep -E'
EXEEXT=''
GREP='/bin/grep'
ICONOBJ=''
INETLIB=''
INSTALL_DATA='${INSTALL} -m 644'
INSTALL_PROGRAM='${INSTALL}'
INSTALL_SCRIPT='${INSTALL}'
INSTALL_STRIP_PROGRAM='$(install_sh) -c -s'
LDFLAGS=''
LIBOBJS=''
LIBS=' -lSDL'
LTLIBOBJS=''
MAKEINFO='${SHELL} /home/ryan/Desktop/nzp-sdl/script/missing makeinfo'
MATHLIB='-lm'
MKDIR_P='/bin/mkdir -p'
OBJEXT='o'
PACKAGE='good-looking-quake'
PACKAGE_BUGREPORT=''
PACKAGE_NAME='Good Looking Quake'
PACKAGE_STRING='Good Looking Quake 1.0.9'
PACKAGE_TARNAME='good-looking-quake'
PACKAGE_URL=''
PACKAGE_VERSION='1.0.9'
PATH_SEPARATOR=':'
PKG_CONFIG='/usr/bin/pkg-config'
PKG_CONFIG_LIBDIR=''
PKG_CONFIG_PATH=''
SDL_CFLAGS='-D_GNU_SOURCE=1 -D_REENTRANT -I/usr/include/SDL'
SDL_LIBS='-lSDL'
SET_MAKE=''
SHELL='/bin/bash'
STRIP=''
VERSION='1.0.9'
XMKMF=''
ac_ct_CC='gcc'
am__EXEEXT_FALSE=''
am__EXEEXT_TRUE='#'
am__fastdepCCAS_FALSE='#'
am__fastdepCCAS_TRUE=''
am__fastdepCC_FALSE='#'
am__fastdepCC_TRUE=''
am__include='include'
am__isrc=''
am__leading_dot='.'
am__nodep='_no'
am__quote=''
am__tar='tar --format=posix -chf - "$$tardir"'
am__untar='tar -xf -'
bindir='${exec_prefix}/bin'
build='x86_64-pc-linux-gnu'
build_alias=''
build_cpu='x86_64'
build_os='linux-gnu'
build_vendor='pc'
datadir='${datarootdir}'
datarootdir='${prefix}/share'
docdir='${datarootdir}/doc/${PACKAGE_TARNAME}'
dvidir='${docdir}'
exec_prefix='${prefix}'
host='x86_64-pc-linux-gnu'
host_alias=''
host_cpu='x86_64'
host_os='linux-gnu'
host_vendor='pc'
htmldir='${docdir}'
includedir='${prefix}/include'
infodir='${datarootdir}/info'
install_sh='${SHELL} /home/ryan/Desktop/nzp-sdl/script/install-sh'
libdir='${exec_prefix}/lib'
libexecdir='${exec_prefix}/libexec'
localedir='${datarootdir}/locale'
localstatedir='${prefix}/var'
mandir='${datarootdir}/man'
mkdir_p='$(MKDIR_P)'
oldincludedir='/usr/include'
pdfdir='${docdir}'
prefix='/usr/local'
program_transform_name='s,x,x,'
psdir='${docdir}'
runstatedir='${localstatedir}/run'
sbindir='${exec_prefix}/sbin'
sharedstatedir='${prefix}/com'
sysconfdir='${prefix}/etc'
target_alias=''

## ----------- ##
## confdefs.h. ##
## ----------- ##

/* confdefs.h */
#define PACKAGE_NAME "Good Looking Quake"
#define PACKAGE_TARNAME "good-looking-quake"
#define PACKAGE_VERSION "1.0.9"
#define PACKAGE_STRING "Good Looking Quake 1.0.9"
#define PACKAGE_BUGREPORT ""
#define PACKAGE_URL ""
#define PACKAGE "good-looking-quake"
#define VERSION "1.0.9"
#define STDC_HEADERS 1
#define HAVE_SYS_TYPES_H 1
#define HAVE_SYS_STAT_H 1
#define HAVE_STDLIB_H 1
#define HAVE_STRING_H 1
#define HAVE_MEMORY_H 1
#define HAVE_STRINGS_H 1
#define HAVE_INTTYPES_H 1
#define HAVE_STDINT_H 1
#define HAVE_UNISTD_H 1
#define HAVE_ARPA_INET_H 1
#define HAVE_FCNTL_H 1
#define HAVE_LIMITS_H 1
#define HAVE_NETDB_H 1
#define HAVE_NETINET_IN_H 1
#define HAVE_STDDEF_H 1
#define HAVE_STDLIB_H 1
#define HAVE_STRING_H 1
#define HAVE_SYS_FILE_H 1
#define HAVE_SYS_IOCTL_H 1
#define HAVE_SYS_PARAM_H 1
#define HAVE_SYS_SOCKET_H 1
#define HAVE_SYS_TIME_H 1
#define HAVE_TERMIOS_H 1
#define HAVE_UNISTD_H 1
#define HAVE__BOOL 1
#define HAVE_ALLOCA_H 1
#define HAVE_ALLOCA 1
#define HAVE_STDLIB_H 1
#define HAVE_MALLOC 1
#define HAVE_STDLIB_H 1
#define HAVE_UNISTD_H 1
#define HAVE_SYS_PARAM_H 1
#define HAVE_GETPAGESIZE 1
#define HAVE_MMAP 1
#define HAVE_ATEXIT 1
#define HAVE_GETHOSTBYADDR 1
#define HAVE_GETHOSTBYNAME 1
#define HAVE_GETHOSTNAME 1
#define HAVE_GETPAGESIZE 1
#define HAVE_GETTIMEOFDAY 1
#define HAVE_INET_NTOA 1
#define HAVE_MEMSET 1
#define HAVE_MKDIR 1
#define HAVE_MUNMAP 1
#define HAVE_SELECT 1
#define HAVE_SOCKET 1
#define HAVE_STRCASECMP 1
#define HAVE_STRCHR 1
#define HAVE_STRERROR 1
#define HAVE_STRSTR 1

configure: exit 0

## ---------------------- ##
## Running config.status. ##
## ---------------------- ##

This file was extended by Good Looking Quake config.status 1.0.9, which was
generated by GNU Autoconf 2.69.  Invocation command line was

  CONFIG_FILES    = 
  CONFIG_HEADERS  = 
  CONFIG_LINKS    = 
  CONFIG_COMMANDS = 
  $ ./config.status 

on ryan-LT

config.status:913: creating Makefile
config.status:913: creating config.h
config.status:1094: config.h is unchanged
config.status:1142: executing depfiles commands
config.status:1219: cd .       && sed -e '/# am--include-marker/d' Makefile         | make -f - am--depfiles
make[1]: Entering directory '/home/ryan/Desktop/nzp-sdl/script'
make[1]: Nothing to be done for 'am--depfiles'.
make[1]: Leaving directory '/home/ryan/Desktop/nzp-sdl/script'
config.status:1224: $? = 0

## ---------------------- ##
## Running config.status. ##
## ---------------------- ##

This file was extended by Good Looking Quake config.status 1.0.9, which was
generated by GNU Autoconf 2.69.  Invocation command line was

  CONFIG_FILES    = 
  CONFIG_HEADERS  = 
  CONFIG_LINKS    = 
  CONFIG_COMMANDS = 
  $ ./config.status 

on ryan-LT

config.status:913: creating Makefile
config.status:913: creating config.h
config.status:1094: config.h is unchanged
config.status:1142: executing depfiles commands
config.status:1219: cd .       && sed -e '/# am--include-marker/d' Makefile         | make -f - am--depfiles
make[1]: Entering directory '/home/ryan/Desktop/nzp-sdl/script'
make[1]: Nothing to be done for 'am--depfiles'.
make[1]: Leaving directory '/home/ryan/Desktop/nzp-sdl/script'
config.status:1224: $? = 0
